SLF4J(W): Class path contains multiple SLF4J providers.
SLF4J(W): Found provider [scribe.slf4j.ScribeServiceProvider@5c56e75]
SLF4J(W): Found provider [ch.qos.logback.classic.spi.LogbackServiceProvider@572c90c8]
SLF4J(W): See https://www.slf4j.org/codes.html#multiple_bindings for an explanation.
SLF4J(I): Actual provider is of type [scribe.slf4j.ScribeServiceProvider@5c56e75]
2024.07.01 10:50:21 WARN  Flyway upgrade recommended: H2 2.2.224 is newer than this version of Flyway and support has not been tested. The latest supported version of H2 is 2.2.220.
Jul 01, 2024 10:50:22 AM org.eclipse.lsp4j.jsonrpc.RemoteEndpoint handleCancellation
WARNING: Unmatched cancel notification for request id 9
2024.07.01 10:50:22 INFO  no build target found for C:\Users\loubr\M1\Functional_Prog\graph-scala\graphy\src\main\scala\Main.scala. Using presentation compiler with project's scala-library version: 3.3.3
2024.07.01 10:55:11 INFO  no build target found for C:\Users\loubr\M1\Functional_Prog\graph-scala\graphy\src\main\scala\Graph.scala. Using presentation compiler with project's scala-library version: 3.3.3
2024.07.01 10:55:11 WARN  no build target for: C:\Users\loubr\M1\Functional_Prog\graph-scala\graphy\src\main\scala\Graph.scala
2024.07.01 10:55:11 INFO  no build target found for C:\Users\loubr\M1\Functional_Prog\graph-scala\graphy\src\main\scala\Graph.scala. Using presentation compiler with project's scala-library version: 3.3.3
2024.07.01 10:55:11 INFO  no build target found for C:\Users\loubr\M1\Functional_Prog\graph-scala\graphy\src\main\scala\Main.scala. Using presentation compiler with project's scala-library version: 3.3.3
2024.07.01 10:55:11 INFO  no build target found for C:\Users\loubr\M1\Functional_Prog\graph-scala\graphy\src\main\scala\Main.scala. Using presentation compiler with project's scala-library version: 3.3.3
Jul 01, 2024 10:55:11 AM org.eclipse.lsp4j.jsonrpc.RemoteEndpoint handleCancellation
WARNING: Unmatched cancel notification for request id 27
2024.07.01 10:55:13 INFO  no build target found for C:\Users\loubr\M1\Functional_Prog\graph-scala\graphy\src\main\scala\Graph.scala. Using presentation compiler with project's scala-library version: 3.3.3
2024.07.01 10:55:17 INFO  no build target found for C:\Users\loubr\M1\Functional_Prog\graph-scala\graphy\src\main\scala\Graph.scala. Using presentation compiler with project's scala-library version: 3.3.3
2024.07.01 10:55:18 INFO  no build target found for C:\Users\loubr\M1\Functional_Prog\graph-scala\graphy\src\main\scala\Graph.scala. Using presentation compiler with project's scala-library version: 3.3.3
2024.07.01 10:55:18 INFO  no build target found for C:\Users\loubr\M1\Functional_Prog\graph-scala\graphy\src\main\scala\Graph.scala. Using presentation compiler with project's scala-library version: 3.3.3
2024.07.01 10:55:19 WARN  no build target for: C:\Users\loubr\M1\Functional_Prog\graph-scala\graphy\src\main\scala\Graph.scala
2024.07.01 10:55:19 INFO  no build target found for C:\Users\loubr\M1\Functional_Prog\graph-scala\graphy\src\main\scala\Graph.scala. Using presentation compiler with project's scala-library version: 3.3.3
2024.07.01 10:55:18 INFO  no build target found for C:\Users\loubr\M1\Functional_Prog\graph-scala\graphy\src\main\scala\Graph.scala. Using presentation compiler with project's scala-library version: 3.3.3
2024.07.01 10:55:26 INFO  no build target found for C:\Users\loubr\M1\Functional_Prog\graph-scala\graphy\src\main\scala\Main.scala. Using presentation compiler with project's scala-library version: 3.3.3
2024.07.01 10:55:43 INFO  no build target found for C:\Users\loubr\M1\Functional_Prog\graph-scala\graphy\src\main\scala\Directed_Graph.scala. Using presentation compiler with project's scala-library version: 3.3.3
2024.07.01 10:55:43 WARN  no build target for: C:\Users\loubr\M1\Functional_Prog\graph-scala\graphy\src\main\scala\Directed_Graph.scala
2024.07.01 10:55:43 INFO  no build target found for C:\Users\loubr\M1\Functional_Prog\graph-scala\graphy\src\main\scala\Directed_Graph.scala. Using presentation compiler with project's scala-library version: 3.3.3
2024.07.01 10:55:43 INFO  no build target found for C:\Users\loubr\M1\Functional_Prog\graph-scala\graphy\src\main\scala\Main.scala. Using presentation compiler with project's scala-library version: 3.3.3
2024.07.01 10:55:43 INFO  no build target found for C:\Users\loubr\M1\Functional_Prog\graph-scala\graphy\src\main\scala\Main.scala. Using presentation compiler with project's scala-library version: 3.3.3
2024.07.01 10:55:45 INFO  no build target found for C:\Users\loubr\M1\Functional_Prog\graph-scala\graphy\src\main\scala\Directed_Graph.scala. Using presentation compiler with project's scala-library version: 3.3.3
2024.07.01 10:56:24 INFO  no build target found for C:\Users\loubr\M1\Functional_Prog\graph-scala\graphy\src\main\scala\Directed_Graph.scala. Using presentation compiler with project's scala-library version: 3.3.3
2024.07.01 10:56:24 INFO  no build target found for C:\Users\loubr\M1\Functional_Prog\graph-scala\graphy\src\main\scala\Directed_Graph.scala. Using presentation compiler with project's scala-library version: 3.3.3
2024.07.01 10:56:26 INFO  no build target found for C:\Users\loubr\M1\Functional_Prog\graph-scala\graphy\src\main\scala\Directed_Graph.scala. Using presentation compiler with project's scala-library version: 3.3.3
2024.07.01 10:56:26 INFO  no build target found for C:\Users\loubr\M1\Functional_Prog\graph-scala\graphy\src\main\scala\Directed_Graph.scala. Using presentation compiler with project's scala-library version: 3.3.3
2024.07.01 10:56:27 INFO  no build target found for C:\Users\loubr\M1\Functional_Prog\graph-scala\graphy\src\main\scala\Directed_Graph.scala. Using presentation compiler with project's scala-library version: 3.3.3
2024.07.01 10:56:27 WARN  no build target for: C:\Users\loubr\M1\Functional_Prog\graph-scala\graphy\src\main\scala\Directed_Graph.scala
2024.07.01 10:56:27 INFO  no build target found for C:\Users\loubr\M1\Functional_Prog\graph-scala\graphy\src\main\scala\Directed_Graph.scala. Using presentation compiler with project's scala-library version: 3.3.3
2024.07.01 10:56:27 INFO  no build target found for C:\Users\loubr\M1\Functional_Prog\graph-scala\graphy\src\main\scala\Directed_Graph.scala. Using presentation compiler with project's scala-library version: 3.3.3
2024.07.01 10:56:27 INFO  no build target found for C:\Users\loubr\M1\Functional_Prog\graph-scala\graphy\src\main\scala\Directed_Graph.scala. Using presentation compiler with project's scala-library version: 3.3.3
2024.07.01 10:56:28 INFO  no build target found for C:\Users\loubr\M1\Functional_Prog\graph-scala\graphy\src\main\scala\Directed_Graph.scala. Using presentation compiler with project's scala-library version: 3.3.3
2024.07.01 10:56:29 WARN  no build target for: C:\Users\loubr\M1\Functional_Prog\graph-scala\graphy\src\main\scala\Directed_Graph.scala
2024.07.01 10:56:29 INFO  no build target found for C:\Users\loubr\M1\Functional_Prog\graph-scala\graphy\src\main\scala\Directed_Graph.scala. Using presentation compiler with project's scala-library version: 3.3.3
2024.07.01 10:56:28 INFO  no build target found for C:\Users\loubr\M1\Functional_Prog\graph-scala\graphy\src\main\scala\Directed_Graph.scala. Using presentation compiler with project's scala-library version: 3.3.3
2024.07.01 10:56:32 INFO  no build target found for C:\Users\loubr\M1\Functional_Prog\graph-scala\graphy\src\main\scala\Directed_Graph.scala. Using presentation compiler with project's scala-library version: 3.3.3
2024.07.01 10:56:32 INFO  no build target found for C:\Users\loubr\M1\Functional_Prog\graph-scala\graphy\src\main\scala\Directed_Graph.scala. Using presentation compiler with project's scala-library version: 3.3.3
2024.07.01 10:56:34 INFO  no build target found for C:\Users\loubr\M1\Functional_Prog\graph-scala\graphy\src\main\scala\Directed_Graph.scala. Using presentation compiler with project's scala-library version: 3.3.3
2024.07.01 10:56:34 INFO  no build target found for C:\Users\loubr\M1\Functional_Prog\graph-scala\graphy\src\main\scala\Directed_Graph.scala. Using presentation compiler with project's scala-library version: 3.3.3
2024.07.01 10:56:34 INFO  no build target found for C:\Users\loubr\M1\Functional_Prog\graph-scala\graphy\src\main\scala\Directed_Graph.scala. Using presentation compiler with project's scala-library version: 3.3.3
2024.07.01 10:56:34 INFO  no build target found for C:\Users\loubr\M1\Functional_Prog\graph-scala\graphy\src\main\scala\Directed_Graph.scala. Using presentation compiler with project's scala-library version: 3.3.3
2024.07.01 10:56:35 INFO  no build target found for C:\Users\loubr\M1\Functional_Prog\graph-scala\graphy\src\main\scala\Directed_Graph.scala. Using presentation compiler with project's scala-library version: 3.3.3
2024.07.01 10:56:37 INFO  no build target found for C:\Users\loubr\M1\Functional_Prog\graph-scala\graphy\src\main\scala\Directed_Graph.scala. Using presentation compiler with project's scala-library version: 3.3.3
2024.07.01 10:56:37 INFO  no build target found for C:\Users\loubr\M1\Functional_Prog\graph-scala\graphy\src\main\scala\Directed_Graph.scala. Using presentation compiler with project's scala-library version: 3.3.3
2024.07.01 10:56:38 INFO  no build target found for C:\Users\loubr\M1\Functional_Prog\graph-scala\graphy\src\main\scala\Directed_Graph.scala. Using presentation compiler with project's scala-library version: 3.3.3
2024.07.01 10:56:38 INFO  no build target found for C:\Users\loubr\M1\Functional_Prog\graph-scala\graphy\src\main\scala\Directed_Graph.scala. Using presentation compiler with project's scala-library version: 3.3.3
2024.07.01 10:56:39 WARN  no build target for: C:\Users\loubr\M1\Functional_Prog\graph-scala\graphy\src\main\scala\Directed_Graph.scala
2024.07.01 10:56:38 INFO  no build target found for C:\Users\loubr\M1\Functional_Prog\graph-scala\graphy\src\main\scala\Directed_Graph.scala. Using presentation compiler with project's scala-library version: 3.3.3
2024.07.01 10:56:39 INFO  no build target found for C:\Users\loubr\M1\Functional_Prog\graph-scala\graphy\src\main\scala\Directed_Graph.scala. Using presentation compiler with project's scala-library version: 3.3.3
2024.07.01 10:56:45 INFO  no build target found for C:\Users\loubr\M1\Functional_Prog\graph-scala\graphy\src\main\scala\Directed_Graph.scala. Using presentation compiler with project's scala-library version: 3.3.3
2024.07.01 10:56:45 INFO  no build target found for C:\Users\loubr\M1\Functional_Prog\graph-scala\graphy\src\main\scala\Directed_Graph.scala. Using presentation compiler with project's scala-library version: 3.3.3
2024.07.01 10:56:45 INFO  no build target found for C:\Users\loubr\M1\Functional_Prog\graph-scala\graphy\src\main\scala\Directed_Graph.scala. Using presentation compiler with project's scala-library version: 3.3.3
2024.07.01 10:56:45 INFO  no build target found for C:\Users\loubr\M1\Functional_Prog\graph-scala\graphy\src\main\scala\Directed_Graph.scala. Using presentation compiler with project's scala-library version: 3.3.3
2024.07.01 10:56:46 INFO  no build target found for C:\Users\loubr\M1\Functional_Prog\graph-scala\graphy\src\main\scala\Directed_Graph.scala. Using presentation compiler with project's scala-library version: 3.3.3
2024.07.01 10:56:46 INFO  no build target found for C:\Users\loubr\M1\Functional_Prog\graph-scala\graphy\src\main\scala\Directed_Graph.scala. Using presentation compiler with project's scala-library version: 3.3.3
2024.07.01 10:56:47 WARN  no build target for: C:\Users\loubr\M1\Functional_Prog\graph-scala\graphy\src\main\scala\Directed_Graph.scala
2024.07.01 10:56:47 INFO  no build target found for C:\Users\loubr\M1\Functional_Prog\graph-scala\graphy\src\main\scala\Directed_Graph.scala. Using presentation compiler with project's scala-library version: 3.3.3
2024.07.01 10:56:47 INFO  no build target found for C:\Users\loubr\M1\Functional_Prog\graph-scala\graphy\src\main\scala\Directed_Graph.scala. Using presentation compiler with project's scala-library version: 3.3.3
2024.07.01 10:56:55 INFO  no build target found for C:\Users\loubr\M1\Functional_Prog\graph-scala\graphy\src\main\scala\Graph.scala. Using presentation compiler with project's scala-library version: 3.3.3
2024.07.01 10:57:09 INFO  no build target found for C:\Users\loubr\M1\Functional_Prog\graph-scala\graphy\src\main\scala\Undirected_Graph.scala. Using presentation compiler with project's scala-library version: 3.3.3
2024.07.01 10:57:09 WARN  no build target for: C:\Users\loubr\M1\Functional_Prog\graph-scala\graphy\src\main\scala\Undirected_Graph.scala
2024.07.01 10:57:09 INFO  no build target found for C:\Users\loubr\M1\Functional_Prog\graph-scala\graphy\src\main\scala\Undirected_Graph.scala. Using presentation compiler with project's scala-library version: 3.3.3
2024.07.01 10:57:09 INFO  no build target found for C:\Users\loubr\M1\Functional_Prog\graph-scala\graphy\src\main\scala\Graph.scala. Using presentation compiler with project's scala-library version: 3.3.3
2024.07.01 10:57:11 INFO  no build target found for C:\Users\loubr\M1\Functional_Prog\graph-scala\graphy\src\main\scala\Undirected_Graph.scala. Using presentation compiler with project's scala-library version: 3.3.3
2024.07.01 10:57:16 INFO  no build target found for C:\Users\loubr\M1\Functional_Prog\graph-scala\graphy\src\main\scala\Undirected_Graph.scala. Using presentation compiler with project's scala-library version: 3.3.3
2024.07.01 10:57:16 INFO  no build target found for C:\Users\loubr\M1\Functional_Prog\graph-scala\graphy\src\main\scala\Undirected_Graph.scala. Using presentation compiler with project's scala-library version: 3.3.3
2024.07.01 10:57:16 INFO  no build target found for C:\Users\loubr\M1\Functional_Prog\graph-scala\graphy\src\main\scala\Undirected_Graph.scala. Using presentation compiler with project's scala-library version: 3.3.3
2024.07.01 10:57:17 INFO  no build target found for C:\Users\loubr\M1\Functional_Prog\graph-scala\graphy\src\main\scala\Undirected_Graph.scala. Using presentation compiler with project's scala-library version: 3.3.3
2024.07.01 10:57:18 INFO  no build target found for C:\Users\loubr\M1\Functional_Prog\graph-scala\graphy\src\main\scala\Undirected_Graph.scala. Using presentation compiler with project's scala-library version: 3.3.3
2024.07.01 10:57:17 INFO  no build target found for C:\Users\loubr\M1\Functional_Prog\graph-scala\graphy\src\main\scala\Undirected_Graph.scala. Using presentation compiler with project's scala-library version: 3.3.3
Jul 01, 2024 10:57:19 AM org.eclipse.lsp4j.jsonrpc.RemoteEndpoint handleCancellation
WARNING: Unmatched cancel notification for request id 166
2024.07.01 10:57:18 INFO  no build target found for C:\Users\loubr\M1\Functional_Prog\graph-scala\graphy\src\main\scala\Undirected_Graph.scala. Using presentation compiler with project's scala-library version: 3.3.3
2024.07.01 10:57:19 INFO  no build target found for C:\Users\loubr\M1\Functional_Prog\graph-scala\graphy\src\main\scala\Undirected_Graph.scala. Using presentation compiler with project's scala-library version: 3.3.3
2024.07.01 10:57:20 WARN  no build target for: C:\Users\loubr\M1\Functional_Prog\graph-scala\graphy\src\main\scala\Undirected_Graph.scala
2024.07.01 10:57:20 INFO  no build target found for C:\Users\loubr\M1\Functional_Prog\graph-scala\graphy\src\main\scala\Undirected_Graph.scala. Using presentation compiler with project's scala-library version: 3.3.3
2024.07.01 10:57:20 INFO  no build target found for C:\Users\loubr\M1\Functional_Prog\graph-scala\graphy\src\main\scala\Undirected_Graph.scala. Using presentation compiler with project's scala-library version: 3.3.3
2024.07.01 10:57:24 INFO  no build target found for C:\Users\loubr\M1\Functional_Prog\graph-scala\graphy\src\main\scala\Undirected_Graph.scala. Using presentation compiler with project's scala-library version: 3.3.3
2024.07.01 10:57:24 INFO  no build target found for C:\Users\loubr\M1\Functional_Prog\graph-scala\graphy\src\main\scala\Undirected_Graph.scala. Using presentation compiler with project's scala-library version: 3.3.3
2024.07.01 10:57:24 INFO  no build target found for C:\Users\loubr\M1\Functional_Prog\graph-scala\graphy\src\main\scala\Undirected_Graph.scala. Using presentation compiler with project's scala-library version: 3.3.3
2024.07.01 10:57:25 INFO  no build target found for C:\Users\loubr\M1\Functional_Prog\graph-scala\graphy\src\main\scala\Undirected_Graph.scala. Using presentation compiler with project's scala-library version: 3.3.3
2024.07.01 10:57:25 INFO  no build target found for C:\Users\loubr\M1\Functional_Prog\graph-scala\graphy\src\main\scala\Undirected_Graph.scala. Using presentation compiler with project's scala-library version: 3.3.3
2024.07.01 10:57:26 INFO  no build target found for C:\Users\loubr\M1\Functional_Prog\graph-scala\graphy\src\main\scala\Undirected_Graph.scala. Using presentation compiler with project's scala-library version: 3.3.3
2024.07.01 10:57:27 INFO  no build target found for C:\Users\loubr\M1\Functional_Prog\graph-scala\graphy\src\main\scala\Undirected_Graph.scala. Using presentation compiler with project's scala-library version: 3.3.3
2024.07.01 10:57:27 WARN  no build target for: C:\Users\loubr\M1\Functional_Prog\graph-scala\graphy\src\main\scala\Undirected_Graph.scala
2024.07.01 10:57:27 INFO  no build target found for C:\Users\loubr\M1\Functional_Prog\graph-scala\graphy\src\main\scala\Undirected_Graph.scala. Using presentation compiler with project's scala-library version: 3.3.3
2024.07.01 10:57:27 INFO  no build target found for C:\Users\loubr\M1\Functional_Prog\graph-scala\graphy\src\main\scala\Undirected_Graph.scala. Using presentation compiler with project's scala-library version: 3.3.3
2024.07.01 10:57:59 INFO  no build target found for C:\Users\loubr\M1\Functional_Prog\graph-scala\graphy\src\main\scala\Weighted_Graph.scala. Using presentation compiler with project's scala-library version: 3.3.3
2024.07.01 10:57:59 WARN  no build target for: C:\Users\loubr\M1\Functional_Prog\graph-scala\graphy\src\main\scala\Weighted_Graph.scala
2024.07.01 10:57:59 INFO  no build target found for C:\Users\loubr\M1\Functional_Prog\graph-scala\graphy\src\main\scala\Weighted_Graph.scala. Using presentation compiler with project's scala-library version: 3.3.3
2024.07.01 10:57:59 INFO  no build target found for C:\Users\loubr\M1\Functional_Prog\graph-scala\graphy\src\main\scala\Undirected_Graph.scala. Using presentation compiler with project's scala-library version: 3.3.3
2024.07.01 10:58:00 INFO  no build target found for C:\Users\loubr\M1\Functional_Prog\graph-scala\graphy\src\main\scala\Weighted_Graph.scala. Using presentation compiler with project's scala-library version: 3.3.3
2024.07.01 10:58:04 INFO  no build target found for C:\Users\loubr\M1\Functional_Prog\graph-scala\graphy\src\main\scala\Weighted_Graph.scala. Using presentation compiler with project's scala-library version: 3.3.3
2024.07.01 10:58:05 INFO  no build target found for C:\Users\loubr\M1\Functional_Prog\graph-scala\graphy\src\main\scala\Weighted_Graph.scala. Using presentation compiler with project's scala-library version: 3.3.3
2024.07.01 10:58:05 INFO  no build target found for C:\Users\loubr\M1\Functional_Prog\graph-scala\graphy\src\main\scala\Weighted_Graph.scala. Using presentation compiler with project's scala-library version: 3.3.3
2024.07.01 10:58:06 WARN  no build target for: C:\Users\loubr\M1\Functional_Prog\graph-scala\graphy\src\main\scala\Weighted_Graph.scala
2024.07.01 10:58:06 INFO  no build target found for C:\Users\loubr\M1\Functional_Prog\graph-scala\graphy\src\main\scala\Weighted_Graph.scala. Using presentation compiler with project's scala-library version: 3.3.3
2024.07.01 10:58:06 INFO  no build target found for C:\Users\loubr\M1\Functional_Prog\graph-scala\graphy\src\main\scala\Weighted_Graph.scala. Using presentation compiler with project's scala-library version: 3.3.3
2024.07.01 10:58:06 INFO  no build target found for C:\Users\loubr\M1\Functional_Prog\graph-scala\graphy\src\main\scala\Weighted_Graph.scala. Using presentation compiler with project's scala-library version: 3.3.3
2024.07.01 10:58:06 INFO  no build target found for C:\Users\loubr\M1\Functional_Prog\graph-scala\graphy\src\main\scala\Weighted_Graph.scala. Using presentation compiler with project's scala-library version: 3.3.3
2024.07.01 10:58:07 WARN  no build target for: C:\Users\loubr\M1\Functional_Prog\graph-scala\graphy\src\main\scala\Weighted_Graph.scala
2024.07.01 10:58:07 INFO  no build target found for C:\Users\loubr\M1\Functional_Prog\graph-scala\graphy\src\main\scala\Weighted_Graph.scala. Using presentation compiler with project's scala-library version: 3.3.3
2024.07.01 10:58:07 INFO  no build target found for C:\Users\loubr\M1\Functional_Prog\graph-scala\graphy\src\main\scala\Weighted_Graph.scala. Using presentation compiler with project's scala-library version: 3.3.3
2024.07.01 10:58:11 INFO  no build target found for C:\Users\loubr\M1\Functional_Prog\graph-scala\graphy\src\main\scala\Weighted_Graph.scala. Using presentation compiler with project's scala-library version: 3.3.3
2024.07.01 10:58:11 INFO  no build target found for C:\Users\loubr\M1\Functional_Prog\graph-scala\graphy\src\main\scala\Weighted_Graph.scala. Using presentation compiler with project's scala-library version: 3.3.3
2024.07.01 10:58:12 WARN  no build target for: C:\Users\loubr\M1\Functional_Prog\graph-scala\graphy\src\main\scala\Weighted_Graph.scala
2024.07.01 10:58:12 INFO  no build target found for C:\Users\loubr\M1\Functional_Prog\graph-scala\graphy\src\main\scala\Weighted_Graph.scala. Using presentation compiler with project's scala-library version: 3.3.3
2024.07.01 10:58:12 INFO  no build target found for C:\Users\loubr\M1\Functional_Prog\graph-scala\graphy\src\main\scala\Weighted_Graph.scala. Using presentation compiler with project's scala-library version: 3.3.3
2024.07.01 10:58:13 INFO  no build target found for C:\Users\loubr\M1\Functional_Prog\graph-scala\graphy\src\main\scala\Weighted_Graph.scala. Using presentation compiler with project's scala-library version: 3.3.3
2024.07.01 10:58:13 INFO  no build target found for C:\Users\loubr\M1\Functional_Prog\graph-scala\graphy\src\main\scala\Weighted_Graph.scala. Using presentation compiler with project's scala-library version: 3.3.3
2024.07.01 10:58:14 INFO  no build target found for C:\Users\loubr\M1\Functional_Prog\graph-scala\graphy\src\main\scala\Weighted_Graph.scala. Using presentation compiler with project's scala-library version: 3.3.3
2024.07.01 10:58:14 INFO  no build target found for C:\Users\loubr\M1\Functional_Prog\graph-scala\graphy\src\main\scala\Weighted_Graph.scala. Using presentation compiler with project's scala-library version: 3.3.3
2024.07.01 10:58:15 WARN  no build target for: C:\Users\loubr\M1\Functional_Prog\graph-scala\graphy\src\main\scala\Weighted_Graph.scala
2024.07.01 10:58:15 INFO  no build target found for C:\Users\loubr\M1\Functional_Prog\graph-scala\graphy\src\main\scala\Weighted_Graph.scala. Using presentation compiler with project's scala-library version: 3.3.3
2024.07.01 10:58:15 INFO  no build target found for C:\Users\loubr\M1\Functional_Prog\graph-scala\graphy\src\main\scala\Weighted_Graph.scala. Using presentation compiler with project's scala-library version: 3.3.3
2024.07.01 10:58:19 INFO  no build target found for C:\Users\loubr\M1\Functional_Prog\graph-scala\graphy\src\main\scala\Weighted_Graph.scala. Using presentation compiler with project's scala-library version: 3.3.3
2024.07.01 10:58:19 INFO  no build target found for C:\Users\loubr\M1\Functional_Prog\graph-scala\graphy\src\main\scala\Weighted_Graph.scala. Using presentation compiler with project's scala-library version: 3.3.3
2024.07.01 10:58:19 INFO  no build target found for C:\Users\loubr\M1\Functional_Prog\graph-scala\graphy\src\main\scala\Weighted_Graph.scala. Using presentation compiler with project's scala-library version: 3.3.3
Jul 01, 2024 10:58:19 AM org.eclipse.lsp4j.jsonrpc.RemoteEndpoint handleCancellation
WARNING: Unmatched cancel notification for request id 255
2024.07.01 10:58:20 INFO  no build target found for C:\Users\loubr\M1\Functional_Prog\graph-scala\graphy\src\main\scala\Weighted_Graph.scala. Using presentation compiler with project's scala-library version: 3.3.3
2024.07.01 10:58:20 INFO  no build target found for C:\Users\loubr\M1\Functional_Prog\graph-scala\graphy\src\main\scala\Weighted_Graph.scala. Using presentation compiler with project's scala-library version: 3.3.3
2024.07.01 10:58:21 WARN  no build target for: C:\Users\loubr\M1\Functional_Prog\graph-scala\graphy\src\main\scala\Weighted_Graph.scala
2024.07.01 10:58:20 INFO  no build target found for C:\Users\loubr\M1\Functional_Prog\graph-scala\graphy\src\main\scala\Weighted_Graph.scala. Using presentation compiler with project's scala-library version: 3.3.3
2024.07.01 10:58:21 INFO  no build target found for C:\Users\loubr\M1\Functional_Prog\graph-scala\graphy\src\main\scala\Weighted_Graph.scala. Using presentation compiler with project's scala-library version: 3.3.3
2024.07.01 11:00:09 INFO  no build target found for C:\Users\loubr\M1\Functional_Prog\graph-scala\graphy\src\main\scala\worksheets\GraphWorksheet.worksheet.sc. Using presentation compiler with project's scala-library version: 3.3.3
2024.07.01 11:00:09 WARN  no build target for: C:\Users\loubr\M1\Functional_Prog\graph-scala\graphy\src\main\scala\worksheets\GraphWorksheet.worksheet.sc
2024.07.01 11:00:09 INFO  no build target found for C:\Users\loubr\M1\Functional_Prog\graph-scala\graphy\src\main\scala\worksheets\GraphWorksheet.worksheet.sc. Using presentation compiler with project's scala-library version: 3.3.3
2024.07.01 11:00:09 INFO  no build target found for C:\Users\loubr\M1\Functional_Prog\graph-scala\graphy\src\main\scala\Weighted_Graph.scala. Using presentation compiler with project's scala-library version: 3.3.3
2024.07.01 11:00:11 INFO  no build target found for C:\Users\loubr\M1\Functional_Prog\graph-scala\graphy\src\main\scala\worksheets\GraphWorksheet.worksheet.sc. Using presentation compiler with project's scala-library version: 3.3.3
2024.07.01 11:00:15 INFO  no build target found for C:\Users\loubr\M1\Functional_Prog\graph-scala\graphy\src\main\scala\worksheets\GraphWorksheet.worksheet.sc. Using presentation compiler with project's scala-library version: 3.3.3
2024.07.01 11:00:15 INFO  no build target found for C:\Users\loubr\M1\Functional_Prog\graph-scala\graphy\src\main\scala\worksheets\GraphWorksheet.worksheet.sc. Using presentation compiler with project's scala-library version: 3.3.3
2024.07.01 11:00:16 WARN  no build target for: C:\Users\loubr\M1\Functional_Prog\graph-scala\graphy\src\main\scala\worksheets\GraphWorksheet.worksheet.sc
2024.07.01 11:00:16 INFO  no build target found for C:\Users\loubr\M1\Functional_Prog\graph-scala\graphy\src\main\scala\worksheets\GraphWorksheet.worksheet.sc. Using presentation compiler with project's scala-library version: 3.3.3
2024.07.01 11:00:17 INFO  no build target found for C:\Users\loubr\M1\Functional_Prog\graph-scala\graphy\src\main\scala\worksheets\GraphWorksheet.worksheet.sc. Using presentation compiler with project's scala-library version: 3.3.3
2024.07.01 11:00:18 INFO  no build target found for C:\Users\loubr\M1\Functional_Prog\graph-scala\graphy\src\main\scala\worksheets\GraphWorksheet.worksheet.sc. Using presentation compiler with project's scala-library version: 3.3.3
[31merror[39m: graphy\src\main\scala\worksheets\GraphWorksheet.worksheet.sc:1:8: 
Not found: core
import core.Graph
       ^^^^
[31merror[39m: graphy\src\main\scala\worksheets\GraphWorksheet.worksheet.sc:4:17: 
Not found: DirectedEdge
val edges = Set(DirectedEdge("A", "B"), DirectedEdge("B", "C"))
                ^^^^^^^^^^^^
[31merror[39m: graphy\src\main\scala\worksheets\GraphWorksheet.worksheet.sc:4:41: 
Not found: DirectedEdge
val edges = Set(DirectedEdge("A", "B"), DirectedEdge("B", "C"))
                                        ^^^^^^^^^^^^
[31merror[39m: graphy\src\main\scala\worksheets\GraphWorksheet.worksheet.sc:5:17: 
Not found: type DirectedGraph
val graph = new DirectedGraph(vertices, edges)
                ^^^^^^^^^^^^^
2024.07.01 11:00:21 INFO  time: evaluated worksheet 'GraphWorksheet.worksheet.sc' in 4.67s
2024.07.01 11:00:35 WARN  no build target for: C:\Users\loubr\M1\Functional_Prog\graph-scala\graphy\src\main\scala\worksheets\GraphWorksheet.worksheet.sc
[31merror[39m: graphy\src\main\scala\worksheets\GraphWorksheet.worksheet.sc:5:17: 
Not found: type DirectedGraph
val graph = new DirectedGraph(vertices, edges)
                ^^^^^^^^^^^^^
[31merror[39m: graphy\src\main\scala\worksheets\GraphWorksheet.worksheet.sc:4:17: 
Not found: DirectedEdge
val edges = Set(DirectedEdge("A", "B"), DirectedEdge("B", "C"))
                ^^^^^^^^^^^^
[31merror[39m: graphy\src\main\scala\worksheets\GraphWorksheet.worksheet.sc:4:41: 
Not found: DirectedEdge
val edges = Set(DirectedEdge("A", "B"), DirectedEdge("B", "C"))
                                        ^^^^^^^^^^^^
2024.07.01 11:00:35 INFO  time: evaluated worksheet 'GraphWorksheet.worksheet.sc' in 0.23s
2024.07.01 11:00:40 WARN  no build target for: C:\Users\loubr\M1\Functional_Prog\graph-scala\graphy\src\main\scala\worksheets\GraphWorksheet.worksheet.sc
[31merror[39m: graphy\src\main\scala\worksheets\GraphWorksheet.worksheet.sc:1:13: . expected but identifier found
import graph-scala.Graph
            ^
2024.07.01 11:00:41 INFO  time: evaluated worksheet 'GraphWorksheet.worksheet.sc' in 1.02s
2024.07.01 11:01:13 WARN  no build target for: C:\Users\loubr\M1\Functional_Prog\graph-scala\graphy\src\main\scala\worksheets\GraphWorksheet.worksheet.sc
[31merror[39m: graphy\src\main\scala\worksheets\GraphWorksheet.worksheet.sc:1:8: 
Not found: graphy
import graphy.Graph
       ^^^^^^
[31merror[39m: graphy\src\main\scala\worksheets\GraphWorksheet.worksheet.sc:4:17: 
Not found: DirectedEdge
val edges = Set(DirectedEdge("A", "B"), DirectedEdge("B", "C"))
                ^^^^^^^^^^^^
[31merror[39m: graphy\src\main\scala\worksheets\GraphWorksheet.worksheet.sc:4:41: 
Not found: DirectedEdge
val edges = Set(DirectedEdge("A", "B"), DirectedEdge("B", "C"))
                                        ^^^^^^^^^^^^
[31merror[39m: graphy\src\main\scala\worksheets\GraphWorksheet.worksheet.sc:5:17: 
Not found: type DirectedGraph
val graph = new DirectedGraph(vertices, edges)
                ^^^^^^^^^^^^^
2024.07.01 11:01:13 INFO  time: evaluated worksheet 'GraphWorksheet.worksheet.sc' in 0.18s
2024.07.01 11:01:36 WARN  no build target for: C:\Users\loubr\M1\Functional_Prog\graph-scala\graphy\src\main\scala\worksheets\GraphWorksheet.worksheet.sc
[31merror[39m: graphy\src\main\scala\worksheets\GraphWorksheet.worksheet.sc:1:8: 
Not found: src
import src.Graph
       ^^^
[31merror[39m: graphy\src\main\scala\worksheets\GraphWorksheet.worksheet.sc:4:17: 
Not found: DirectedEdge
val edges = Set(DirectedEdge("A", "B"), DirectedEdge("B", "C"))
                ^^^^^^^^^^^^
[31merror[39m: graphy\src\main\scala\worksheets\GraphWorksheet.worksheet.sc:4:41: 
Not found: DirectedEdge
val edges = Set(DirectedEdge("A", "B"), DirectedEdge("B", "C"))
                                        ^^^^^^^^^^^^
[31merror[39m: graphy\src\main\scala\worksheets\GraphWorksheet.worksheet.sc:5:17: 
Not found: type DirectedGraph
val graph = new DirectedGraph(vertices, edges)
                ^^^^^^^^^^^^^
2024.07.01 11:01:36 INFO  time: evaluated worksheet 'GraphWorksheet.worksheet.sc' in 0.16s
2024.07.01 11:01:45 WARN  no build target for: C:\Users\loubr\M1\Functional_Prog\graph-scala\graphy\src\main\scala\worksheets\GraphWorksheet.worksheet.sc
[31merror[39m: graphy\src\main\scala\worksheets\GraphWorksheet.worksheet.sc:1:8: identifier expected but . found
import .Graph
       ^
2024.07.01 11:01:45 INFO  time: evaluated worksheet 'GraphWorksheet.worksheet.sc' in 0.28s
2024.07.01 11:01:46 WARN  no build target for: C:\Users\loubr\M1\Functional_Prog\graph-scala\graphy\src\main\scala\worksheets\GraphWorksheet.worksheet.sc
[31merror[39m: graphy\src\main\scala\worksheets\GraphWorksheet.worksheet.sc:2:2: . expected but \n\n found

 ^
2024.07.01 11:01:46 INFO  time: evaluated worksheet 'GraphWorksheet.worksheet.sc' in 0.29s
Jul 01, 2024 11:02:20 AM org.eclipse.lsp4j.jsonrpc.RemoteEndpoint fallbackResponseError
SEVERE: Internal error: scala.meta.internal.metals.debug.BuildTargetNotFoundForPathException: No build target could be found for the path: C:\Users\loubr\M1\Functional_Prog\graph-scala\graphy\src\main\scala\worksheets\GraphWorksheet.worksheet.sc
java.util.concurrent.CompletionException: scala.meta.internal.metals.debug.BuildTargetNotFoundForPathException: No build target could be found for the path: C:\Users\loubr\M1\Functional_Prog\graph-scala\graphy\src\main\scala\worksheets\GraphWorksheet.worksheet.sc
	at java.base/java.util.concurrent.CompletableFuture.encodeThrowable(CompletableFuture.java:332)
	at java.base/java.util.concurrent.CompletableFuture.uniAcceptNow(CompletableFuture.java:747)
	at java.base/java.util.concurrent.CompletableFuture.uniAcceptStage(CompletableFuture.java:735)
	at java.base/java.util.concurrent.CompletableFuture.thenAcceptAsync(CompletableFuture.java:2186)
	at scala.concurrent.java8.FuturesConvertersImpl$CF.thenAccept(FutureConvertersImpl.scala:37)
	at org.eclipse.lsp4j.jsonrpc.RemoteEndpoint.handleRequest(RemoteEndpoint.java:288)
	at org.eclipse.lsp4j.jsonrpc.RemoteEndpoint.consume(RemoteEndpoint.java:201)
	at org.eclipse.lsp4j.jsonrpc.json.StreamMessageProducer.handleMessage(StreamMessageProducer.java:185)
	at org.eclipse.lsp4j.jsonrpc.json.StreamMessageProducer.listen(StreamMessageProducer.java:97)
	at org.eclipse.lsp4j.jsonrpc.json.ConcurrentMessageProcessor.run(ConcurrentMessageProcessor.java:114)
	at java.base/java.util.concurrent.Executors$RunnableAdapter.call(Executors.java:539)
	at java.base/java.util.concurrent.FutureTask.run(FutureTask.java:264)
	at java.base/java.util.concurrent.ThreadPoolExecutor.runWorker(ThreadPoolExecutor.java:1136)
	at java.base/java.util.concurrent.ThreadPoolExecutor$Worker.run(ThreadPoolExecutor.java:635)
	at java.base/java.lang.Thread.run(Thread.java:833)
Caused by: scala.meta.internal.metals.debug.BuildTargetNotFoundForPathException: No build target could be found for the path: C:\Users\loubr\M1\Functional_Prog\graph-scala\graphy\src\main\scala\worksheets\GraphWorksheet.worksheet.sc
	at scala.meta.internal.metals.debug.DebugProvider.debugDiscovery(DebugProvider.scala:589)
	at scala.meta.internal.metals.debug.DebugProvider.runCommandDiscovery(DebugProvider.scala:523)
	at scala.meta.internal.metals.MetalsLspService.discoverMainClasses(MetalsLspService.scala:1526)
	at scala.meta.internal.metals.WorkspaceLspService.executeCommand(WorkspaceLspService.scala:796)
	at scala.meta.metals.lsp.DelegatingScalaService.executeCommand(DelegatingScalaService.scala:169)
	at java.base/jdk.internal.reflect.NativeMethodAccessorImpl.invoke0(Native Method)
	at java.base/jdk.internal.reflect.NativeMethodAccessorImpl.invoke(NativeMethodAccessorImpl.java:77)
	at java.base/jdk.internal.reflect.DelegatingMethodAccessorImpl.invoke(DelegatingMethodAccessorImpl.java:43)
	at java.base/java.lang.reflect.Method.invoke(Method.java:568)
	at org.eclipse.lsp4j.jsonrpc.services.GenericEndpoint.lambda$recursiveFindRpcMethods$0(GenericEndpoint.java:65)
	at org.eclipse.lsp4j.jsonrpc.services.GenericEndpoint.request(GenericEndpoint.java:128)
	at org.eclipse.lsp4j.jsonrpc.RemoteEndpoint.handleRequest(RemoteEndpoint.java:271)
	... 9 more

2024.07.01 11:03:09 WARN  Using indexes to guess the definition of vertices
2024.07.01 11:03:30 WARN  no build target for: C:\Users\loubr\M1\Functional_Prog\graph-scala\graphy\src\main\scala\worksheets\GraphWorksheet.worksheet.sc
[31merror[39m: graphy\src\main\scala\worksheets\GraphWorksheet.worksheet.sc:2:2: . expected but \n\n found

 ^
2024.07.01 11:03:30 INFO  time: evaluated worksheet 'GraphWorksheet.worksheet.sc' in 0.3s
2024.07.01 11:03:32 WARN  no build target for: C:\Users\loubr\M1\Functional_Prog\graph-scala\graphy\src\main\scala\worksheets\GraphWorksheet.worksheet.sc
[31merror[39m: graphy\src\main\scala\worksheets\GraphWorksheet.worksheet.sc:2:2: . expected but \n\n found

 ^
2024.07.01 11:03:32 INFO  time: evaluated worksheet 'GraphWorksheet.worksheet.sc' in 0.3s
2024.07.01 11:03:33 WARN  no build target for: C:\Users\loubr\M1\Functional_Prog\graph-scala\graphy\src\main\scala\worksheets\GraphWorksheet.worksheet.sc
[31merror[39m: graphy\src\main\scala\worksheets\GraphWorksheet.worksheet.sc:2:2: . expected but \n\n found

 ^
2024.07.01 11:03:33 INFO  time: evaluated worksheet 'GraphWorksheet.worksheet.sc' in 0.18s
Jul 01, 2024 11:03:37 AM org.eclipse.lsp4j.jsonrpc.RemoteEndpoint handleCancellation
WARNING: Unmatched cancel notification for request id 527
2024.07.01 11:03:38 INFO  no build target found for C:\Users\loubr\M1\Functional_Prog\graph-scala\graphy\src\main\scala\Directed_Graph.scala. Using presentation compiler with project's scala-library version: 3.3.3
2024.07.01 11:03:43 WARN  no build target for: C:\Users\loubr\M1\Functional_Prog\graph-scala\graphy\src\main\scala\worksheets\GraphWorksheet.worksheet.sc
[31merror[39m: graphy\src\main\scala\worksheets\GraphWorksheet.worksheet.sc:2:2: . expected but \n\n found

 ^
2024.07.01 11:03:43 INFO  time: evaluated worksheet 'GraphWorksheet.worksheet.sc' in 0.27s
Jul 01, 2024 11:03:48 AM org.eclipse.lsp4j.jsonrpc.RemoteEndpoint handleCancellation
WARNING: Unmatched cancel notification for request id 545
2024.07.01 11:03:48 INFO  no build target found for C:\Users\loubr\M1\Functional_Prog\graph-scala\graphy\src\main\scala\Directed_Graph.scala. Using presentation compiler with project's scala-library version: 3.3.3
2024.07.01 11:03:55 INFO  no build target found for C:\Users\loubr\M1\Functional_Prog\graph-scala\graphy\src\main\scala\Directed_Graph.scala. Using presentation compiler with project's scala-library version: 3.3.3
2024.07.01 11:03:55 INFO  no build target found for C:\Users\loubr\M1\Functional_Prog\graph-scala\graphy\src\main\scala\Directed_Graph.scala. Using presentation compiler with project's scala-library version: 3.3.3
2024.07.01 11:03:56 INFO  no build target found for C:\Users\loubr\M1\Functional_Prog\graph-scala\graphy\src\main\scala\Directed_Graph.scala. Using presentation compiler with project's scala-library version: 3.3.3
2024.07.01 11:03:56 INFO  no build target found for C:\Users\loubr\M1\Functional_Prog\graph-scala\graphy\src\main\scala\Directed_Graph.scala. Using presentation compiler with project's scala-library version: 3.3.3
2024.07.01 11:03:56 INFO  no build target found for C:\Users\loubr\M1\Functional_Prog\graph-scala\graphy\src\main\scala\Directed_Graph.scala. Using presentation compiler with project's scala-library version: 3.3.3
2024.07.01 11:03:57 WARN  no build target for: C:\Users\loubr\M1\Functional_Prog\graph-scala\graphy\src\main\scala\Directed_Graph.scala
2024.07.01 11:03:57 INFO  no build target found for C:\Users\loubr\M1\Functional_Prog\graph-scala\graphy\src\main\scala\Directed_Graph.scala. Using presentation compiler with project's scala-library version: 3.3.3
2024.07.01 11:03:57 INFO  no build target found for C:\Users\loubr\M1\Functional_Prog\graph-scala\graphy\src\main\scala\Directed_Graph.scala. Using presentation compiler with project's scala-library version: 3.3.3
2024.07.01 11:03:58 INFO  no build target found for C:\Users\loubr\M1\Functional_Prog\graph-scala\graphy\src\main\scala\Directed_Graph.scala. Using presentation compiler with project's scala-library version: 3.3.3
2024.07.01 11:03:59 INFO  no build target found for C:\Users\loubr\M1\Functional_Prog\graph-scala\graphy\src\main\scala\Directed_Graph.scala. Using presentation compiler with project's scala-library version: 3.3.3
2024.07.01 11:03:59 INFO  no build target found for C:\Users\loubr\M1\Functional_Prog\graph-scala\graphy\src\main\scala\Directed_Graph.scala. Using presentation compiler with project's scala-library version: 3.3.3
2024.07.01 11:04:00 WARN  no build target for: C:\Users\loubr\M1\Functional_Prog\graph-scala\graphy\src\main\scala\Directed_Graph.scala
2024.07.01 11:04:00 INFO  no build target found for C:\Users\loubr\M1\Functional_Prog\graph-scala\graphy\src\main\scala\Directed_Graph.scala. Using presentation compiler with project's scala-library version: 3.3.3
2024.07.01 11:04:00 INFO  no build target found for C:\Users\loubr\M1\Functional_Prog\graph-scala\graphy\src\main\scala\Directed_Graph.scala. Using presentation compiler with project's scala-library version: 3.3.3
2024.07.01 11:04:00 INFO  no build target found for C:\Users\loubr\M1\Functional_Prog\graph-scala\graphy\src\main\scala\Directed_Graph.scala. Using presentation compiler with project's scala-library version: 3.3.3
2024.07.01 11:04:00 INFO  no build target found for C:\Users\loubr\M1\Functional_Prog\graph-scala\graphy\src\main\scala\Directed_Graph.scala. Using presentation compiler with project's scala-library version: 3.3.3
2024.07.01 11:04:00 INFO  no build target found for C:\Users\loubr\M1\Functional_Prog\graph-scala\graphy\src\main\scala\Directed_Graph.scala. Using presentation compiler with project's scala-library version: 3.3.3
2024.07.01 11:04:01 INFO  no build target found for C:\Users\loubr\M1\Functional_Prog\graph-scala\graphy\src\main\scala\Directed_Graph.scala. Using presentation compiler with project's scala-library version: 3.3.3
2024.07.01 11:04:01 WARN  no build target for: C:\Users\loubr\M1\Functional_Prog\graph-scala\graphy\src\main\scala\Directed_Graph.scala
2024.07.01 11:04:02 INFO  no build target found for C:\Users\loubr\M1\Functional_Prog\graph-scala\graphy\src\main\scala\Directed_Graph.scala. Using presentation compiler with project's scala-library version: 3.3.3
2024.07.01 11:04:01 INFO  no build target found for C:\Users\loubr\M1\Functional_Prog\graph-scala\graphy\src\main\scala\Directed_Graph.scala. Using presentation compiler with project's scala-library version: 3.3.3
2024.07.01 11:04:02 INFO  no build target found for C:\Users\loubr\M1\Functional_Prog\graph-scala\graphy\src\main\scala\Directed_Graph.scala. Using presentation compiler with project's scala-library version: 3.3.3
2024.07.01 11:04:02 INFO  no build target found for C:\Users\loubr\M1\Functional_Prog\graph-scala\graphy\src\main\scala\Directed_Graph.scala. Using presentation compiler with project's scala-library version: 3.3.3
2024.07.01 11:04:04 INFO  no build target found for C:\Users\loubr\M1\Functional_Prog\graph-scala\graphy\src\main\scala\Directed_Graph.scala. Using presentation compiler with project's scala-library version: 3.3.3
2024.07.01 11:04:04 INFO  no build target found for C:\Users\loubr\M1\Functional_Prog\graph-scala\graphy\src\main\scala\Directed_Graph.scala. Using presentation compiler with project's scala-library version: 3.3.3
2024.07.01 11:04:05 WARN  no build target for: C:\Users\loubr\M1\Functional_Prog\graph-scala\graphy\src\main\scala\Directed_Graph.scala
2024.07.01 11:04:05 INFO  no build target found for C:\Users\loubr\M1\Functional_Prog\graph-scala\graphy\src\main\scala\Directed_Graph.scala. Using presentation compiler with project's scala-library version: 3.3.3
2024.07.01 11:04:05 INFO  no build target found for C:\Users\loubr\M1\Functional_Prog\graph-scala\graphy\src\main\scala\Directed_Graph.scala. Using presentation compiler with project's scala-library version: 3.3.3
2024.07.01 11:04:07 INFO  no build target found for C:\Users\loubr\M1\Functional_Prog\graph-scala\graphy\src\main\scala\Directed_Graph.scala. Using presentation compiler with project's scala-library version: 3.3.3
Jul 01, 2024 11:04:07 AM org.eclipse.lsp4j.jsonrpc.RemoteEndpoint handleCancellation
WARNING: Unmatched cancel notification for request id 597
2024.07.01 11:04:07 INFO  no build target found for C:\Users\loubr\M1\Functional_Prog\graph-scala\graphy\src\main\scala\Weighted_Graph.scala. Using presentation compiler with project's scala-library version: 3.3.3
2024.07.01 11:04:09 INFO  no build target found for C:\Users\loubr\M1\Functional_Prog\graph-scala\graphy\src\main\scala\Weighted_Graph.scala. Using presentation compiler with project's scala-library version: 3.3.3
2024.07.01 11:04:09 INFO  no build target found for C:\Users\loubr\M1\Functional_Prog\graph-scala\graphy\src\main\scala\Weighted_Graph.scala. Using presentation compiler with project's scala-library version: 3.3.3
2024.07.01 11:04:11 INFO  no build target found for C:\Users\loubr\M1\Functional_Prog\graph-scala\graphy\src\main\scala\Weighted_Graph.scala. Using presentation compiler with project's scala-library version: 3.3.3
2024.07.01 11:04:11 INFO  no build target found for C:\Users\loubr\M1\Functional_Prog\graph-scala\graphy\src\main\scala\Weighted_Graph.scala. Using presentation compiler with project's scala-library version: 3.3.3
2024.07.01 11:04:12 INFO  no build target found for C:\Users\loubr\M1\Functional_Prog\graph-scala\graphy\src\main\scala\Weighted_Graph.scala. Using presentation compiler with project's scala-library version: 3.3.3
2024.07.01 11:04:12 INFO  no build target found for C:\Users\loubr\M1\Functional_Prog\graph-scala\graphy\src\main\scala\Weighted_Graph.scala. Using presentation compiler with project's scala-library version: 3.3.3
2024.07.01 11:04:13 INFO  no build target found for C:\Users\loubr\M1\Functional_Prog\graph-scala\graphy\src\main\scala\Weighted_Graph.scala. Using presentation compiler with project's scala-library version: 3.3.3
2024.07.01 11:04:14 WARN  no build target for: C:\Users\loubr\M1\Functional_Prog\graph-scala\graphy\src\main\scala\Weighted_Graph.scala
2024.07.01 11:04:14 INFO  no build target found for C:\Users\loubr\M1\Functional_Prog\graph-scala\graphy\src\main\scala\Weighted_Graph.scala. Using presentation compiler with project's scala-library version: 3.3.3
2024.07.01 11:04:14 INFO  no build target found for C:\Users\loubr\M1\Functional_Prog\graph-scala\graphy\src\main\scala\Weighted_Graph.scala. Using presentation compiler with project's scala-library version: 3.3.3
2024.07.01 11:04:14 INFO  no build target found for C:\Users\loubr\M1\Functional_Prog\graph-scala\graphy\src\main\scala\Weighted_Graph.scala. Using presentation compiler with project's scala-library version: 3.3.3
2024.07.01 11:04:14 INFO  no build target found for C:\Users\loubr\M1\Functional_Prog\graph-scala\graphy\src\main\scala\Weighted_Graph.scala. Using presentation compiler with project's scala-library version: 3.3.3
2024.07.01 11:04:15 INFO  no build target found for C:\Users\loubr\M1\Functional_Prog\graph-scala\graphy\src\main\scala\Weighted_Graph.scala. Using presentation compiler with project's scala-library version: 3.3.3
2024.07.01 11:04:16 INFO  no build target found for C:\Users\loubr\M1\Functional_Prog\graph-scala\graphy\src\main\scala\Weighted_Graph.scala. Using presentation compiler with project's scala-library version: 3.3.3
2024.07.01 11:04:16 WARN  no build target for: C:\Users\loubr\M1\Functional_Prog\graph-scala\graphy\src\main\scala\Weighted_Graph.scala
2024.07.01 11:04:16 INFO  no build target found for C:\Users\loubr\M1\Functional_Prog\graph-scala\graphy\src\main\scala\Weighted_Graph.scala. Using presentation compiler with project's scala-library version: 3.3.3
2024.07.01 11:04:16 INFO  no build target found for C:\Users\loubr\M1\Functional_Prog\graph-scala\graphy\src\main\scala\Weighted_Graph.scala. Using presentation compiler with project's scala-library version: 3.3.3
2024.07.01 11:04:16 INFO  no build target found for C:\Users\loubr\M1\Functional_Prog\graph-scala\graphy\src\main\scala\Weighted_Graph.scala. Using presentation compiler with project's scala-library version: 3.3.3
2024.07.01 11:04:18 INFO  no build target found for C:\Users\loubr\M1\Functional_Prog\graph-scala\graphy\src\main\scala\Weighted_Graph.scala. Using presentation compiler with project's scala-library version: 3.3.3
2024.07.01 11:04:18 INFO  no build target found for C:\Users\loubr\M1\Functional_Prog\graph-scala\graphy\src\main\scala\Weighted_Graph.scala. Using presentation compiler with project's scala-library version: 3.3.3
2024.07.01 11:04:18 INFO  no build target found for C:\Users\loubr\M1\Functional_Prog\graph-scala\graphy\src\main\scala\Weighted_Graph.scala. Using presentation compiler with project's scala-library version: 3.3.3
2024.07.01 11:04:18 WARN  no build target for: C:\Users\loubr\M1\Functional_Prog\graph-scala\graphy\src\main\scala\Weighted_Graph.scala
2024.07.01 11:04:18 INFO  no build target found for C:\Users\loubr\M1\Functional_Prog\graph-scala\graphy\src\main\scala\Weighted_Graph.scala. Using presentation compiler with project's scala-library version: 3.3.3
2024.07.01 11:04:18 INFO  no build target found for C:\Users\loubr\M1\Functional_Prog\graph-scala\graphy\src\main\scala\Weighted_Graph.scala. Using presentation compiler with project's scala-library version: 3.3.3
2024.07.01 11:04:19 INFO  no build target found for C:\Users\loubr\M1\Functional_Prog\graph-scala\graphy\src\main\scala\Weighted_Graph.scala. Using presentation compiler with project's scala-library version: 3.3.3
2024.07.01 11:04:20 INFO  no build target found for C:\Users\loubr\M1\Functional_Prog\graph-scala\graphy\src\main\scala\Weighted_Graph.scala. Using presentation compiler with project's scala-library version: 3.3.3
2024.07.01 11:04:20 INFO  no build target found for C:\Users\loubr\M1\Functional_Prog\graph-scala\graphy\src\main\scala\Weighted_Graph.scala. Using presentation compiler with project's scala-library version: 3.3.3
2024.07.01 11:04:20 WARN  no build target for: C:\Users\loubr\M1\Functional_Prog\graph-scala\graphy\src\main\scala\Weighted_Graph.scala
2024.07.01 11:04:20 INFO  no build target found for C:\Users\loubr\M1\Functional_Prog\graph-scala\graphy\src\main\scala\Weighted_Graph.scala. Using presentation compiler with project's scala-library version: 3.3.3
2024.07.01 11:04:20 INFO  no build target found for C:\Users\loubr\M1\Functional_Prog\graph-scala\graphy\src\main\scala\Weighted_Graph.scala. Using presentation compiler with project's scala-library version: 3.3.3
2024.07.01 11:04:22 INFO  no build target found for C:\Users\loubr\M1\Functional_Prog\graph-scala\graphy\src\main\scala\Weighted_Graph.scala. Using presentation compiler with project's scala-library version: 3.3.3
2024.07.01 11:04:22 INFO  no build target found for C:\Users\loubr\M1\Functional_Prog\graph-scala\graphy\src\main\scala\Undirected_Graph.scala. Using presentation compiler with project's scala-library version: 3.3.3
2024.07.01 11:04:23 INFO  no build target found for C:\Users\loubr\M1\Functional_Prog\graph-scala\graphy\src\main\scala\Undirected_Graph.scala. Using presentation compiler with project's scala-library version: 3.3.3
2024.07.01 11:04:23 INFO  no build target found for C:\Users\loubr\M1\Functional_Prog\graph-scala\graphy\src\main\scala\Undirected_Graph.scala. Using presentation compiler with project's scala-library version: 3.3.3
2024.07.01 11:04:25 INFO  no build target found for C:\Users\loubr\M1\Functional_Prog\graph-scala\graphy\src\main\scala\Undirected_Graph.scala. Using presentation compiler with project's scala-library version: 3.3.3
2024.07.01 11:04:25 INFO  no build target found for C:\Users\loubr\M1\Functional_Prog\graph-scala\graphy\src\main\scala\Undirected_Graph.scala. Using presentation compiler with project's scala-library version: 3.3.3
2024.07.01 11:04:25 INFO  no build target found for C:\Users\loubr\M1\Functional_Prog\graph-scala\graphy\src\main\scala\Undirected_Graph.scala. Using presentation compiler with project's scala-library version: 3.3.3
2024.07.01 11:04:25 INFO  no build target found for C:\Users\loubr\M1\Functional_Prog\graph-scala\graphy\src\main\scala\Undirected_Graph.scala. Using presentation compiler with project's scala-library version: 3.3.3
2024.07.01 11:04:26 WARN  no build target for: C:\Users\loubr\M1\Functional_Prog\graph-scala\graphy\src\main\scala\Undirected_Graph.scala
2024.07.01 11:04:26 INFO  no build target found for C:\Users\loubr\M1\Functional_Prog\graph-scala\graphy\src\main\scala\Undirected_Graph.scala. Using presentation compiler with project's scala-library version: 3.3.3
2024.07.01 11:04:26 INFO  no build target found for C:\Users\loubr\M1\Functional_Prog\graph-scala\graphy\src\main\scala\Undirected_Graph.scala. Using presentation compiler with project's scala-library version: 3.3.3
2024.07.01 11:04:26 INFO  no build target found for C:\Users\loubr\M1\Functional_Prog\graph-scala\graphy\src\main\scala\Undirected_Graph.scala. Using presentation compiler with project's scala-library version: 3.3.3
2024.07.01 11:04:26 INFO  no build target found for C:\Users\loubr\M1\Functional_Prog\graph-scala\graphy\src\main\scala\Undirected_Graph.scala. Using presentation compiler with project's scala-library version: 3.3.3
2024.07.01 11:04:27 WARN  no build target for: C:\Users\loubr\M1\Functional_Prog\graph-scala\graphy\src\main\scala\Undirected_Graph.scala
2024.07.01 11:04:27 INFO  no build target found for C:\Users\loubr\M1\Functional_Prog\graph-scala\graphy\src\main\scala\Undirected_Graph.scala. Using presentation compiler with project's scala-library version: 3.3.3
2024.07.01 11:04:26 INFO  no build target found for C:\Users\loubr\M1\Functional_Prog\graph-scala\graphy\src\main\scala\Undirected_Graph.scala. Using presentation compiler with project's scala-library version: 3.3.3
2024.07.01 11:04:28 INFO  no build target found for C:\Users\loubr\M1\Functional_Prog\graph-scala\graphy\src\main\scala\Undirected_Graph.scala. Using presentation compiler with project's scala-library version: 3.3.3
2024.07.01 11:04:28 INFO  no build target found for C:\Users\loubr\M1\Functional_Prog\graph-scala\graphy\src\main\scala\Undirected_Graph.scala. Using presentation compiler with project's scala-library version: 3.3.3
2024.07.01 11:04:28 INFO  no build target found for C:\Users\loubr\M1\Functional_Prog\graph-scala\graphy\src\main\scala\Undirected_Graph.scala. Using presentation compiler with project's scala-library version: 3.3.3
2024.07.01 11:04:34 INFO  no build target found for C:\Users\loubr\M1\Functional_Prog\graph-scala\graphy\src\main\scala\Undirected_Graph.scala. Using presentation compiler with project's scala-library version: 3.3.3
2024.07.01 11:04:34 INFO  no build target found for C:\Users\loubr\M1\Functional_Prog\graph-scala\graphy\src\main\scala\Undirected_Graph.scala. Using presentation compiler with project's scala-library version: 3.3.3
2024.07.01 11:04:35 INFO  no build target found for C:\Users\loubr\M1\Functional_Prog\graph-scala\graphy\src\main\scala\Undirected_Graph.scala. Using presentation compiler with project's scala-library version: 3.3.3
2024.07.01 11:04:36 INFO  no build target found for C:\Users\loubr\M1\Functional_Prog\graph-scala\graphy\src\main\scala\Undirected_Graph.scala. Using presentation compiler with project's scala-library version: 3.3.3
2024.07.01 11:04:36 WARN  no build target for: C:\Users\loubr\M1\Functional_Prog\graph-scala\graphy\src\main\scala\Undirected_Graph.scala
2024.07.01 11:04:36 INFO  no build target found for C:\Users\loubr\M1\Functional_Prog\graph-scala\graphy\src\main\scala\Undirected_Graph.scala. Using presentation compiler with project's scala-library version: 3.3.3
2024.07.01 11:04:35 INFO  no build target found for C:\Users\loubr\M1\Functional_Prog\graph-scala\graphy\src\main\scala\Undirected_Graph.scala. Using presentation compiler with project's scala-library version: 3.3.3
2024.07.01 11:04:36 INFO  no build target found for C:\Users\loubr\M1\Functional_Prog\graph-scala\graphy\src\main\scala\Undirected_Graph.scala. Using presentation compiler with project's scala-library version: 3.3.3
2024.07.01 11:04:37 INFO  no build target found for C:\Users\loubr\M1\Functional_Prog\graph-scala\graphy\src\main\scala\Undirected_Graph.scala. Using presentation compiler with project's scala-library version: 3.3.3
2024.07.01 11:04:37 INFO  no build target found for C:\Users\loubr\M1\Functional_Prog\graph-scala\graphy\src\main\scala\Undirected_Graph.scala. Using presentation compiler with project's scala-library version: 3.3.3
2024.07.01 11:04:38 WARN  no build target for: C:\Users\loubr\M1\Functional_Prog\graph-scala\graphy\src\main\scala\Undirected_Graph.scala
2024.07.01 11:04:38 INFO  no build target found for C:\Users\loubr\M1\Functional_Prog\graph-scala\graphy\src\main\scala\Undirected_Graph.scala. Using presentation compiler with project's scala-library version: 3.3.3
2024.07.01 11:04:37 INFO  no build target found for C:\Users\loubr\M1\Functional_Prog\graph-scala\graphy\src\main\scala\Undirected_Graph.scala. Using presentation compiler with project's scala-library version: 3.3.3
2024.07.01 11:04:38 INFO  no build target found for C:\Users\loubr\M1\Functional_Prog\graph-scala\graphy\src\main\scala\Undirected_Graph.scala. Using presentation compiler with project's scala-library version: 3.3.3
2024.07.01 11:04:38 INFO  no build target found for C:\Users\loubr\M1\Functional_Prog\graph-scala\graphy\src\main\scala\Directed_Graph.scala. Using presentation compiler with project's scala-library version: 3.3.3
2024.07.01 11:04:38 INFO  no build target found for C:\Users\loubr\M1\Functional_Prog\graph-scala\graphy\src\main\scala\Directed_Graph.scala. Using presentation compiler with project's scala-library version: 3.3.3
2024.07.01 11:04:40 INFO  no build target found for C:\Users\loubr\M1\Functional_Prog\graph-scala\graphy\src\main\scala\Directed_Graph.scala. Using presentation compiler with project's scala-library version: 3.3.3
Jul 01, 2024 11:04:40 AM org.eclipse.lsp4j.jsonrpc.RemoteEndpoint handleCancellation
WARNING: Unmatched cancel notification for request id 717
2024.07.01 11:04:40 WARN  no build target for: C:\Users\loubr\M1\Functional_Prog\graph-scala\graphy\src\main\scala\worksheets\GraphWorksheet.worksheet.sc
[31merror[39m: graphy\src\main\scala\worksheets\GraphWorksheet.worksheet.sc:2:2: . expected but \n\n found

 ^
2024.07.01 11:04:40 INFO  time: evaluated worksheet 'GraphWorksheet.worksheet.sc' in 0.19s
2024.07.01 11:04:49 INFO  no build target found for C:\Users\loubr\M1\Functional_Prog\graph-scala\graphy\src\main\scala\Directed_Graph.scala. Using presentation compiler with project's scala-library version: 3.3.3
2024.07.01 11:04:50 INFO  no build target found for C:\Users\loubr\M1\Functional_Prog\graph-scala\graphy\src\main\scala\Directed_Graph.scala. Using presentation compiler with project's scala-library version: 3.3.3
2024.07.01 11:04:51 INFO  no build target found for C:\Users\loubr\M1\Functional_Prog\graph-scala\graphy\src\main\scala\Directed_Graph.scala. Using presentation compiler with project's scala-library version: 3.3.3
2024.07.01 11:04:51 INFO  no build target found for C:\Users\loubr\M1\Functional_Prog\graph-scala\graphy\src\main\scala\Weighted_Graph.scala. Using presentation compiler with project's scala-library version: 3.3.3
2024.07.01 11:04:51 INFO  no build target found for C:\Users\loubr\M1\Functional_Prog\graph-scala\graphy\src\main\scala\Weighted_Graph.scala. Using presentation compiler with project's scala-library version: 3.3.3
2024.07.01 11:04:51 INFO  no build target found for C:\Users\loubr\M1\Functional_Prog\graph-scala\graphy\src\main\scala\Weighted_Graph.scala. Using presentation compiler with project's scala-library version: 3.3.3
Jul 01, 2024 11:04:52 AM org.eclipse.lsp4j.jsonrpc.RemoteEndpoint handleCancellation
WARNING: Unmatched cancel notification for request id 749
2024.07.01 11:04:52 INFO  no build target found for C:\Users\loubr\M1\Functional_Prog\graph-scala\graphy\src\main\scala\Graph.scala. Using presentation compiler with project's scala-library version: 3.3.3
2024.07.01 11:04:53 INFO  no build target found for C:\Users\loubr\M1\Functional_Prog\graph-scala\graphy\src\main\scala\Graph.scala. Using presentation compiler with project's scala-library version: 3.3.3
2024.07.01 11:04:53 INFO  no build target found for C:\Users\loubr\M1\Functional_Prog\graph-scala\graphy\src\main\scala\Graph.scala. Using presentation compiler with project's scala-library version: 3.3.3
2024.07.01 11:04:58 INFO  no build target found for C:\Users\loubr\M1\Functional_Prog\graph-scala\graphy\src\main\scala\Directed_Graph.scala. Using presentation compiler with project's scala-library version: 3.3.3
2024.07.01 11:04:58 INFO  no build target found for C:\Users\loubr\M1\Functional_Prog\graph-scala\graphy\src\main\scala\Directed_Graph.scala. Using presentation compiler with project's scala-library version: 3.3.3
2024.07.01 11:04:58 INFO  no build target found for C:\Users\loubr\M1\Functional_Prog\graph-scala\graphy\src\main\scala\Directed_Graph.scala. Using presentation compiler with project's scala-library version: 3.3.3
2024.07.01 11:04:59 INFO  no build target found for C:\Users\loubr\M1\Functional_Prog\graph-scala\graphy\src\main\scala\Directed_Graph.scala. Using presentation compiler with project's scala-library version: 3.3.3
2024.07.01 11:05:04 INFO  no build target found for C:\Users\loubr\M1\Functional_Prog\graph-scala\graphy\src\main\scala\Directed_Graph.scala. Using presentation compiler with project's scala-library version: 3.3.3
2024.07.01 11:05:04 INFO  no build target found for C:\Users\loubr\M1\Functional_Prog\graph-scala\graphy\src\main\scala\Directed_Graph.scala. Using presentation compiler with project's scala-library version: 3.3.3
2024.07.01 11:05:05 INFO  no build target found for C:\Users\loubr\M1\Functional_Prog\graph-scala\graphy\src\main\scala\Directed_Graph.scala. Using presentation compiler with project's scala-library version: 3.3.3
2024.07.01 11:05:16 INFO  no build target found for C:\Users\loubr\M1\Functional_Prog\graph-scala\graphy\src\main\scala\Directed_Graph.scala. Using presentation compiler with project's scala-library version: 3.3.3
Jul 01, 2024 11:05:16 AM org.eclipse.lsp4j.jsonrpc.RemoteEndpoint handleCancellation
WARNING: Unmatched cancel notification for request id 772
2024.07.01 11:05:16 INFO  no build target found for C:\Users\loubr\M1\Functional_Prog\graph-scala\graphy\src\main\scala\Directed_Graph.scala. Using presentation compiler with project's scala-library version: 3.3.3
2024.07.01 11:05:16 INFO  no build target found for C:\Users\loubr\M1\Functional_Prog\graph-scala\graphy\src\main\scala\Weighted_Graph.scala. Using presentation compiler with project's scala-library version: 3.3.3
2024.07.01 11:05:25 INFO  no build target found for C:\Users\loubr\M1\Functional_Prog\graph-scala\graphy\src\main\scala\Weighted_Graph.scala. Using presentation compiler with project's scala-library version: 3.3.3
2024.07.01 11:05:25 INFO  no build target found for C:\Users\loubr\M1\Functional_Prog\graph-scala\graphy\src\main\scala\Directed_Graph.scala. Using presentation compiler with project's scala-library version: 3.3.3
2024.07.01 11:05:25 INFO  no build target found for C:\Users\loubr\M1\Functional_Prog\graph-scala\graphy\src\main\scala\Undirected_Graph.scala. Using presentation compiler with project's scala-library version: 3.3.3
2024.07.01 11:05:25 INFO  no build target found for C:\Users\loubr\M1\Functional_Prog\graph-scala\graphy\src\main\scala\Undirected_Graph.scala. Using presentation compiler with project's scala-library version: 3.3.3
2024.07.01 11:05:28 INFO  no build target found for C:\Users\loubr\M1\Functional_Prog\graph-scala\graphy\src\main\scala\Undirected_Graph.scala. Using presentation compiler with project's scala-library version: 3.3.3
Jul 01, 2024 11:05:28 AM org.eclipse.lsp4j.jsonrpc.RemoteEndpoint handleCancellation
WARNING: Unmatched cancel notification for request id 791
2024.07.01 11:05:28 INFO  no build target found for C:\Users\loubr\M1\Functional_Prog\graph-scala\graphy\src\main\scala\Undirected_Graph.scala. Using presentation compiler with project's scala-library version: 3.3.3
2024.07.01 11:05:29 INFO  no build target found for C:\Users\loubr\M1\Functional_Prog\graph-scala\graphy\src\main\scala\Directed_Graph.scala. Using presentation compiler with project's scala-library version: 3.3.3
2024.07.01 11:05:30 INFO  no build target found for C:\Users\loubr\M1\Functional_Prog\graph-scala\graphy\src\main\scala\Undirected_Graph.scala. Using presentation compiler with project's scala-library version: 3.3.3
2024.07.01 11:05:30 WARN  no build target for: C:\Users\loubr\M1\Functional_Prog\graph-scala\graphy\src\main\scala\worksheets\GraphWorksheet.worksheet.sc
[31merror[39m: graphy\src\main\scala\worksheets\GraphWorksheet.worksheet.sc:2:2: . expected but \n\n found

 ^
2024.07.01 11:05:30 INFO  time: evaluated worksheet 'GraphWorksheet.worksheet.sc' in 0.22s
Jul 01, 2024 11:05:52 AM org.eclipse.lsp4j.jsonrpc.RemoteEndpoint handleCancellation
WARNING: Unmatched cancel notification for request id 824
2024.07.01 11:05:52 INFO  no build target found for C:\Users\loubr\M1\Functional_Prog\graph-scala\graphy\src\main\scala\Weighted_Graph.scala. Using presentation compiler with project's scala-library version: 3.3.3
2024.07.01 11:05:52 INFO  no build target found for C:\Users\loubr\M1\Functional_Prog\graph-scala\graphy\src\main\scala\Weighted_Graph.scala. Using presentation compiler with project's scala-library version: 3.3.3
2024.07.01 11:05:55 INFO  no build target found for C:\Users\loubr\M1\Functional_Prog\graph-scala\graphy\src\main\scala\Weighted_Graph.scala. Using presentation compiler with project's scala-library version: 3.3.3
2024.07.01 11:06:00 INFO  no build target found for C:\Users\loubr\M1\Functional_Prog\graph-scala\graphy\src\main\scala\Weighted_Graph.scala. Using presentation compiler with project's scala-library version: 3.3.3
Jul 01, 2024 11:06:00 AM org.eclipse.lsp4j.jsonrpc.RemoteEndpoint handleCancellation
WARNING: Unmatched cancel notification for request id 834
2024.07.01 11:06:00 INFO  no build target found for C:\Users\loubr\M1\Functional_Prog\graph-scala\graphy\src\main\scala\Directed_Graph.scala. Using presentation compiler with project's scala-library version: 3.3.3
2024.07.01 11:06:00 INFO  no build target found for C:\Users\loubr\M1\Functional_Prog\graph-scala\graphy\src\main\scala\Directed_Graph.scala. Using presentation compiler with project's scala-library version: 3.3.3
2024.07.01 11:06:01 INFO  no build target found for C:\Users\loubr\M1\Functional_Prog\graph-scala\graphy\src\main\scala\Directed_Graph.scala. Using presentation compiler with project's scala-library version: 3.3.3
2024.07.01 11:06:00 WARN  no build target for: C:\Users\loubr\M1\Functional_Prog\graph-scala\graphy\src\main\scala\worksheets\GraphWorksheet.worksheet.sc
Jul 01, 2024 11:06:01 AM org.eclipse.lsp4j.jsonrpc.RemoteEndpoint handleCancellation
WARNING: Unmatched cancel notification for request id 843
[31merror[39m: graphy\src\main\scala\worksheets\GraphWorksheet.worksheet.sc:2:2: . expected but \n\n found

 ^
2024.07.01 11:06:01 INFO  time: evaluated worksheet 'GraphWorksheet.worksheet.sc' in 0.15s
Jul 01, 2024 11:06:13 AM org.eclipse.lsp4j.jsonrpc.RemoteEndpoint fallbackResponseError
SEVERE: Internal error: scala.meta.internal.metals.debug.BuildTargetNotFoundForPathException: No build target could be found for the path: C:\Users\loubr\M1\Functional_Prog\graph-scala\graphy\src\main\scala\worksheets\GraphWorksheet.worksheet.sc
java.util.concurrent.CompletionException: scala.meta.internal.metals.debug.BuildTargetNotFoundForPathException: No build target could be found for the path: C:\Users\loubr\M1\Functional_Prog\graph-scala\graphy\src\main\scala\worksheets\GraphWorksheet.worksheet.sc
	at java.base/java.util.concurrent.CompletableFuture.encodeThrowable(CompletableFuture.java:332)
	at java.base/java.util.concurrent.CompletableFuture.uniAcceptNow(CompletableFuture.java:747)
	at java.base/java.util.concurrent.CompletableFuture.uniAcceptStage(CompletableFuture.java:735)
	at java.base/java.util.concurrent.CompletableFuture.thenAcceptAsync(CompletableFuture.java:2186)
	at scala.concurrent.java8.FuturesConvertersImpl$CF.thenAccept(FutureConvertersImpl.scala:37)
	at org.eclipse.lsp4j.jsonrpc.RemoteEndpoint.handleRequest(RemoteEndpoint.java:288)
	at org.eclipse.lsp4j.jsonrpc.RemoteEndpoint.consume(RemoteEndpoint.java:201)
	at org.eclipse.lsp4j.jsonrpc.json.StreamMessageProducer.handleMessage(StreamMessageProducer.java:185)
	at org.eclipse.lsp4j.jsonrpc.json.StreamMessageProducer.listen(StreamMessageProducer.java:97)
	at org.eclipse.lsp4j.jsonrpc.json.ConcurrentMessageProcessor.run(ConcurrentMessageProcessor.java:114)
	at java.base/java.util.concurrent.Executors$RunnableAdapter.call(Executors.java:539)
	at java.base/java.util.concurrent.FutureTask.run(FutureTask.java:264)
	at java.base/java.util.concurrent.ThreadPoolExecutor.runWorker(ThreadPoolExecutor.java:1136)
	at java.base/java.util.concurrent.ThreadPoolExecutor$Worker.run(ThreadPoolExecutor.java:635)
	at java.base/java.lang.Thread.run(Thread.java:833)
Caused by: scala.meta.internal.metals.debug.BuildTargetNotFoundForPathException: No build target could be found for the path: C:\Users\loubr\M1\Functional_Prog\graph-scala\graphy\src\main\scala\worksheets\GraphWorksheet.worksheet.sc
	at scala.meta.internal.metals.debug.DebugProvider.debugDiscovery(DebugProvider.scala:589)
	at scala.meta.internal.metals.debug.DebugProvider.runCommandDiscovery(DebugProvider.scala:523)
	at scala.meta.internal.metals.MetalsLspService.discoverMainClasses(MetalsLspService.scala:1526)
	at scala.meta.internal.metals.WorkspaceLspService.executeCommand(WorkspaceLspService.scala:796)
	at scala.meta.metals.lsp.DelegatingScalaService.executeCommand(DelegatingScalaService.scala:169)
	at java.base/jdk.internal.reflect.NativeMethodAccessorImpl.invoke0(Native Method)
	at java.base/jdk.internal.reflect.NativeMethodAccessorImpl.invoke(NativeMethodAccessorImpl.java:77)
	at java.base/jdk.internal.reflect.DelegatingMethodAccessorImpl.invoke(DelegatingMethodAccessorImpl.java:43)
	at java.base/java.lang.reflect.Method.invoke(Method.java:568)
	at org.eclipse.lsp4j.jsonrpc.services.GenericEndpoint.lambda$recursiveFindRpcMethods$0(GenericEndpoint.java:65)
	at org.eclipse.lsp4j.jsonrpc.services.GenericEndpoint.request(GenericEndpoint.java:128)
	at org.eclipse.lsp4j.jsonrpc.RemoteEndpoint.handleRequest(RemoteEndpoint.java:271)
	... 9 more

2024.07.01 11:06:17 INFO  no build target found for C:\Users\loubr\M1\Functional_Prog\graph-scala\graphy\src\main\scala\Main.scala. Using presentation compiler with project's scala-library version: 3.3.3
2024.07.01 11:06:21 WARN  no build target for: C:\Users\loubr\M1\Functional_Prog\graph-scala\graphy\src\main\scala\worksheets\GraphWorksheet.worksheet.sc
[31merror[39m: graphy\src\main\scala\worksheets\GraphWorksheet.worksheet.sc:2:2: . expected but \n\n found

 ^
2024.07.01 11:06:21 INFO  time: evaluated worksheet 'GraphWorksheet.worksheet.sc' in 0.14s
Jul 01, 2024 11:06:46 AM org.eclipse.lsp4j.jsonrpc.RemoteEndpoint handleCancellation
WARNING: Unmatched cancel notification for request id 893
2024.07.01 11:07:08 WARN  no build target for: C:\Users\loubr\M1\Functional_Prog\graph-scala\graphy\src\main\scala\worksheets\GraphWorksheet.worksheet.sc
[31merror[39m: graphy\src\main\scala\worksheets\GraphWorksheet.worksheet.sc:1:8: 
Not found: graphy
import graphy.Graph
       ^^^^^^
[31merror[39m: graphy\src\main\scala\worksheets\GraphWorksheet.worksheet.sc:4:17: 
Not found: DirectedEdge
val edges = Set(DirectedEdge("A", "B"), DirectedEdge("B", "C"))
                ^^^^^^^^^^^^
[31merror[39m: graphy\src\main\scala\worksheets\GraphWorksheet.worksheet.sc:4:41: 
Not found: DirectedEdge
val edges = Set(DirectedEdge("A", "B"), DirectedEdge("B", "C"))
                                        ^^^^^^^^^^^^
[31merror[39m: graphy\src\main\scala\worksheets\GraphWorksheet.worksheet.sc:5:17: 
Not found: type Directed_Graph
val graph = new Directed_Graph(vertices, edges)
                ^^^^^^^^^^^^^^
2024.07.01 11:07:08 INFO  time: evaluated worksheet 'GraphWorksheet.worksheet.sc' in 99ms
2024.07.01 11:07:17 WARN  no build target for: C:\Users\loubr\M1\Functional_Prog\graph-scala\graphy\src\main\scala\worksheets\GraphWorksheet.worksheet.sc
[31merror[39m: graphy\src\main\scala\worksheets\GraphWorksheet.worksheet.sc:2:2: . expected but \n\n found

 ^
2024.07.01 11:07:17 INFO  time: evaluated worksheet 'GraphWorksheet.worksheet.sc' in 0.13s
2024.07.01 11:07:18 WARN  no build target for: C:\Users\loubr\M1\Functional_Prog\graph-scala\graphy\src\main\scala\worksheets\GraphWorksheet.worksheet.sc
[31merror[39m: graphy\src\main\scala\worksheets\GraphWorksheet.worksheet.sc:2:2: . expected but \n\n found

 ^
2024.07.01 11:07:18 INFO  time: evaluated worksheet 'GraphWorksheet.worksheet.sc' in 0.13s
2024.07.01 11:39:26 INFO  Shutting down server
2024.07.01 11:39:26 INFO  shutting down Metals
2024.07.01 11:39:26 INFO  Exiting server
2024.07.01 11:39:51 INFO  Started: Metals version 1.3.2 in folders 'C:\Users\loubr\M1\Functional_Prog\graph-scala' for client Visual Studio Code 1.90.2.
SLF4J(W): Class path contains multiple SLF4J providers.
SLF4J(W): Found provider [scribe.slf4j.ScribeServiceProvider@1cf52e6b]
SLF4J(W): Found provider [ch.qos.logback.classic.spi.LogbackServiceProvider@787fca1e]
SLF4J(W): See https://www.slf4j.org/codes.html#multiple_bindings for an explanation.
SLF4J(I): Actual provider is of type [scribe.slf4j.ScribeServiceProvider@1cf52e6b]
2024.07.01 11:39:51 WARN  Flyway upgrade recommended: H2 2.2.224 is newer than this version of Flyway and support has not been tested. The latest supported version of H2 is 2.2.220.
Jul 01, 2024 11:39:52 AM org.eclipse.lsp4j.jsonrpc.RemoteEndpoint handleCancellation
WARNING: Unmatched cancel notification for request id 2
Jul 01, 2024 11:39:52 AM org.eclipse.lsp4j.jsonrpc.RemoteEndpoint handleCancellation
WARNING: Unmatched cancel notification for request id 1
2024.07.01 11:39:57 INFO  running 'C:\Users\loubr\AppData\Local\Coursier\cache\arc\https\github.com\adoptium\temurin17-binaries\releases\download\jdk-17%252B35\OpenJDK17-jdk_x64_windows_hotspot_17_35.zip\jdk-17+35\bin\java.exe -Djline.terminal=jline.UnsupportedTerminal -Dsbt.log.noformat=true -Dfile.encoding=UTF-8 -jar C:\Users\loubr\AppData\Local\Temp\metals12423515332157498018\sbt-launch.jar -Dbloop.export-jar-classifiers=sources bloopInstall'
2024.07.01 11:40:04 INFO  [info] welcome to sbt 1.10.0 (Eclipse Adoptium Java 17)
2024.07.01 11:40:07 INFO  [info] loading settings for project graphy-build-build from metals.sbt ...
2024.07.01 11:40:07 INFO  [info] loading project definition from C:\Users\loubr\M1\Functional_Prog\graph-scala\graphy\project\project
2024.07.01 11:40:10 INFO  [info] loading settings for project graphy-build from metals.sbt ...
2024.07.01 11:40:10 INFO  [info] loading project definition from C:\Users\loubr\M1\Functional_Prog\graph-scala\graphy\project
2024.07.01 11:40:16 INFO  [success] Generated .bloop\graphy-build.json
2024.07.01 11:40:16 INFO  [success] Total time: 6 s, completed 1 Jul 2024, 11:40:17
2024.07.01 11:40:18 INFO  [info] loading settings for project root from build.sbt ...
2024.07.01 11:40:18 INFO  [info] set current project to graphy (in build file:/C:/Users/loubr/M1/Functional_Prog/graph-scala/graphy/)
2024.07.01 11:40:33 INFO  [success] Generated .bloop\root.json
2024.07.01 11:40:33 INFO  [success] Generated .bloop\root-test.json
2024.07.01 11:40:33 INFO  [success] Total time: 15 s, completed 1 Jul 2024, 11:40:33
2024.07.01 11:40:33 INFO  time: ran 'sbt bloopInstall' in 36s
2024.07.01 11:40:33 INFO  Attempting to connect to the build server...
2024.07.01 11:40:42 INFO  tracing is disabled for protocol BSP, to enable tracing of incoming and outgoing JSON messages create an empty file at C:\Users\loubr\M1\Functional_Prog\graph-scala\.metals\bsp.trace.json or C:\Users\loubr\AppData\Local\scalameta\metals\cache\bsp.trace.json
2024.07.01 11:40:44 INFO  time: Connected to build server in 10s
2024.07.01 11:40:44 INFO  Connected to Build server: Bloop v1.5.18
2024.07.01 11:40:44 INFO  time: Imported build in 0.12s
2024.07.01 11:41:00 INFO  time: indexed workspace in 15s
2024.07.01 11:41:07 INFO  Deduplicating compilation of root from bsp client 'Metals 1.3.2' (since 24.587s)
2024.07.01 11:41:07 INFO  compiling root (5 scala sources)
2024.07.01 11:41:07 INFO  compiling root (5 scala sources)
2024.07.01 11:41:13 INFO  compiling root-test (1 scala source)
2024.07.01 11:41:13 INFO  time: compiled root in 6.54s
2024.07.01 11:41:15 INFO  time: compiled root-test in 1.49s
[31merror[39m: graphy\src\main\scala\worksheets\GraphWorksheet.worksheet.sc:2:2: . expected but \n\n found

 ^
2024.07.01 11:41:18 INFO  time: evaluated worksheet 'GraphWorksheet.worksheet.sc' in 4.15s
[31merror[39m: graphy\src\main\scala\worksheets\GraphWorksheet.worksheet.sc:2:2: . expected but \n\n found

 ^
2024.07.01 11:41:19 INFO  time: evaluated worksheet 'GraphWorksheet.worksheet.sc' in 0.52s
[31merror[39m: graphy\src\main\scala\worksheets\GraphWorksheet.worksheet.sc:2:2: . expected but \n\n found

 ^
2024.07.01 11:41:19 INFO  time: evaluated worksheet 'GraphWorksheet.worksheet.sc' in 0.31s
[31merror[39m: graphy\src\main\scala\worksheets\GraphWorksheet.worksheet.sc:1:8: 
Not found: core - did you mean None? or perhaps Some or clone?
import core.Graph
       ^^^^
[31merror[39m: graphy\src\main\scala\worksheets\GraphWorksheet.worksheet.sc:4:17: 
Not found: DirectedEdge
val edges = Set(DirectedEdge("A", "B"), DirectedEdge("B", "C"))
                ^^^^^^^^^^^^
[31merror[39m: graphy\src\main\scala\worksheets\GraphWorksheet.worksheet.sc:4:41: 
Not found: DirectedEdge
val edges = Set(DirectedEdge("A", "B"), DirectedEdge("B", "C"))
                                        ^^^^^^^^^^^^
[31merror[39m: graphy\src\main\scala\worksheets\GraphWorksheet.worksheet.sc:5:17: 
Not found: type Directed_Graph
val graph = new Directed_Graph(vertices, edges)
                ^^^^^^^^^^^^^^
2024.07.01 11:41:52 INFO  time: evaluated worksheet 'GraphWorksheet.worksheet.sc' in 1s
[31merror[39m: graphy\src\main\scala\worksheets\GraphWorksheet.worksheet.sc:1:13: 
value Graph is not a member of object None
import None.Graph
            ^^^^^
[31merror[39m: graphy\src\main\scala\worksheets\GraphWorksheet.worksheet.sc:4:17: 
Not found: DirectedEdge
val edges = Set(DirectedEdge("A", "B"), DirectedEdge("B", "C"))
                ^^^^^^^^^^^^
[31merror[39m: graphy\src\main\scala\worksheets\GraphWorksheet.worksheet.sc:4:41: 
Not found: DirectedEdge
val edges = Set(DirectedEdge("A", "B"), DirectedEdge("B", "C"))
                                        ^^^^^^^^^^^^
[31merror[39m: graphy\src\main\scala\worksheets\GraphWorksheet.worksheet.sc:5:17: 
Not found: type Directed_Graph
val graph = new Directed_Graph(vertices, edges)
                ^^^^^^^^^^^^^^
2024.07.01 11:42:15 INFO  time: evaluated worksheet 'GraphWorksheet.worksheet.sc' in 0.23s
[31merror[39m: graphy\src\main\scala\worksheets\GraphWorksheet.worksheet.sc:1:8: identifier expected but . found
import .Graph
       ^
2024.07.01 11:42:21 INFO  time: evaluated worksheet 'GraphWorksheet.worksheet.sc' in 0.31s
[31merror[39m: graphy\src\main\scala\worksheets\GraphWorksheet.worksheet.sc:1:8: 
Not found: grap - did you mean graph?
import grap.Graph
       ^^^^
[31merror[39m: graphy\src\main\scala\worksheets\GraphWorksheet.worksheet.sc:4:17: 
Not found: DirectedEdge
val edges = Set(DirectedEdge("A", "B"), DirectedEdge("B", "C"))
                ^^^^^^^^^^^^
[31merror[39m: graphy\src\main\scala\worksheets\GraphWorksheet.worksheet.sc:4:41: 
Not found: DirectedEdge
val edges = Set(DirectedEdge("A", "B"), DirectedEdge("B", "C"))
                                        ^^^^^^^^^^^^
[31merror[39m: graphy\src\main\scala\worksheets\GraphWorksheet.worksheet.sc:5:17: 
Not found: type Directed_Graph
val graph = new Directed_Graph(vertices, edges)
                ^^^^^^^^^^^^^^
2024.07.01 11:42:24 INFO  time: evaluated worksheet 'GraphWorksheet.worksheet.sc' in 0.2s
[31merror[39m: graphy\src\main\scala\worksheets\GraphWorksheet.worksheet.sc:1:8: 
Not found: graphy - did you mean graph?
import graphy.Graph
       ^^^^^^
[31merror[39m: graphy\src\main\scala\worksheets\GraphWorksheet.worksheet.sc:4:17: 
Not found: DirectedEdge
val edges = Set(DirectedEdge("A", "B"), DirectedEdge("B", "C"))
                ^^^^^^^^^^^^
[31merror[39m: graphy\src\main\scala\worksheets\GraphWorksheet.worksheet.sc:4:41: 
Not found: DirectedEdge
val edges = Set(DirectedEdge("A", "B"), DirectedEdge("B", "C"))
                                        ^^^^^^^^^^^^
[31merror[39m: graphy\src\main\scala\worksheets\GraphWorksheet.worksheet.sc:5:17: 
Not found: type Directed_Graph
val graph = new Directed_Graph(vertices, edges)
                ^^^^^^^^^^^^^^
2024.07.01 11:42:26 INFO  time: evaluated worksheet 'GraphWorksheet.worksheet.sc' in 0.23s
[31merror[39m: graphy\src\main\scala\worksheets\GraphWorksheet.worksheet.sc:5:17: 
Not found: type Directed_Graph
val graph = new Directed_Graph(vertices, edges)
                ^^^^^^^^^^^^^^
[31merror[39m: graphy\src\main\scala\worksheets\GraphWorksheet.worksheet.sc:4:17: 
Not found: DirectedEdge
val edges = Set(DirectedEdge("A", "B"), DirectedEdge("B", "C"))
                ^^^^^^^^^^^^
[31merror[39m: graphy\src\main\scala\worksheets\GraphWorksheet.worksheet.sc:4:41: 
Not found: DirectedEdge
val edges = Set(DirectedEdge("A", "B"), DirectedEdge("B", "C"))
                                        ^^^^^^^^^^^^
2024.07.01 11:42:30 INFO  time: evaluated worksheet 'GraphWorksheet.worksheet.sc' in 0.15s
[31merror[39m: graphy\src\main\scala\worksheets\GraphWorksheet.worksheet.sc:1:8: identifier expected but . found
import .Graph
       ^
2024.07.01 11:42:33 INFO  time: evaluated worksheet 'GraphWorksheet.worksheet.sc' in 0.24s
[31merror[39m: graphy\src\main\scala\worksheets\GraphWorksheet.worksheet.sc:1:13: 
value Graph is not a member of object main
import main.Graph
            ^^^^^
[31merror[39m: graphy\src\main\scala\worksheets\GraphWorksheet.worksheet.sc:4:17: 
Not found: DirectedEdge
val edges = Set(DirectedEdge("A", "B"), DirectedEdge("B", "C"))
                ^^^^^^^^^^^^
[31merror[39m: graphy\src\main\scala\worksheets\GraphWorksheet.worksheet.sc:4:41: 
Not found: DirectedEdge
val edges = Set(DirectedEdge("A", "B"), DirectedEdge("B", "C"))
                                        ^^^^^^^^^^^^
[31merror[39m: graphy\src\main\scala\worksheets\GraphWorksheet.worksheet.sc:5:17: 
Not found: type Directed_Graph
val graph = new Directed_Graph(vertices, edges)
                ^^^^^^^^^^^^^^
2024.07.01 11:42:38 INFO  time: evaluated worksheet 'GraphWorksheet.worksheet.sc' in 0.18s
[31merror[39m: graphy\src\main\scala\worksheets\GraphWorksheet.worksheet.sc:1:8: 
Not found: src
import src.Graph
       ^^^
[31merror[39m: graphy\src\main\scala\worksheets\GraphWorksheet.worksheet.sc:4:17: 
Not found: DirectedEdge
val edges = Set(DirectedEdge("A", "B"), DirectedEdge("B", "C"))
                ^^^^^^^^^^^^
[31merror[39m: graphy\src\main\scala\worksheets\GraphWorksheet.worksheet.sc:4:41: 
Not found: DirectedEdge
val edges = Set(DirectedEdge("A", "B"), DirectedEdge("B", "C"))
                                        ^^^^^^^^^^^^
[31merror[39m: graphy\src\main\scala\worksheets\GraphWorksheet.worksheet.sc:5:17: 
Not found: type Directed_Graph
val graph = new Directed_Graph(vertices, edges)
                ^^^^^^^^^^^^^^
2024.07.01 11:42:42 INFO  time: evaluated worksheet 'GraphWorksheet.worksheet.sc' in 0.14s
Jul 01, 2024 11:42:44 AM org.eclipse.lsp4j.jsonrpc.RemoteEndpoint handleCancellation
WARNING: Unmatched cancel notification for request id 217
[31merror[39m: graphy\src\main\scala\worksheets\GraphWorksheet.worksheet.sc:1:8: identifier expected but . found
import .Graph
       ^
2024.07.01 11:42:46 INFO  time: evaluated worksheet 'GraphWorksheet.worksheet.sc' in 0.19s
[31merror[39m: graphy\src\main\scala\worksheets\GraphWorksheet.worksheet.sc:1:14: 
value Graph is not a member of scala
import scala.Graph
             ^^^^^
[31merror[39m: graphy\src\main\scala\worksheets\GraphWorksheet.worksheet.sc:4:17: 
Not found: DirectedEdge
val edges = Set(DirectedEdge("A", "B"), DirectedEdge("B", "C"))
                ^^^^^^^^^^^^
[31merror[39m: graphy\src\main\scala\worksheets\GraphWorksheet.worksheet.sc:4:41: 
Not found: DirectedEdge
val edges = Set(DirectedEdge("A", "B"), DirectedEdge("B", "C"))
                                        ^^^^^^^^^^^^
[31merror[39m: graphy\src\main\scala\worksheets\GraphWorksheet.worksheet.sc:5:17: 
Not found: type Directed_Graph
val graph = new Directed_Graph(vertices, edges)
                ^^^^^^^^^^^^^^
2024.07.01 11:42:49 INFO  time: evaluated worksheet 'GraphWorksheet.worksheet.sc' in 0.13s
[31merror[39m: graphy\src\main\scala\worksheets\GraphWorksheet.worksheet.sc:1:8: identifier expected but . found
import .Graph
       ^
2024.07.01 11:42:56 INFO  time: evaluated worksheet 'GraphWorksheet.worksheet.sc' in 0.19s
[31merror[39m: graphy\src\main\scala\worksheets\GraphWorksheet.worksheet.sc:1:8: 
Not found: project
import project.Graph
       ^^^^^^^
[31merror[39m: graphy\src\main\scala\worksheets\GraphWorksheet.worksheet.sc:4:17: 
Not found: DirectedEdge
val edges = Set(DirectedEdge("A", "B"), DirectedEdge("B", "C"))
                ^^^^^^^^^^^^
[31merror[39m: graphy\src\main\scala\worksheets\GraphWorksheet.worksheet.sc:4:41: 
Not found: DirectedEdge
val edges = Set(DirectedEdge("A", "B"), DirectedEdge("B", "C"))
                                        ^^^^^^^^^^^^
[31merror[39m: graphy\src\main\scala\worksheets\GraphWorksheet.worksheet.sc:5:17: 
Not found: type Directed_Graph
val graph = new Directed_Graph(vertices, edges)
                ^^^^^^^^^^^^^^
2024.07.01 11:43:11 INFO  time: evaluated worksheet 'GraphWorksheet.worksheet.sc' in 0.11s
[31merror[39m: graphy\src\main\scala\worksheets\GraphWorksheet.worksheet.sc:1:8: 
Not found: p
import p.Graph
       ^
[31merror[39m: graphy\src\main\scala\worksheets\GraphWorksheet.worksheet.sc:4:17: 
Not found: DirectedEdge
val edges = Set(DirectedEdge("A", "B"), DirectedEdge("B", "C"))
                ^^^^^^^^^^^^
[31merror[39m: graphy\src\main\scala\worksheets\GraphWorksheet.worksheet.sc:4:41: 
Not found: DirectedEdge
val edges = Set(DirectedEdge("A", "B"), DirectedEdge("B", "C"))
                                        ^^^^^^^^^^^^
[31merror[39m: graphy\src\main\scala\worksheets\GraphWorksheet.worksheet.sc:5:17: 
Not found: type Directed_Graph
val graph = new Directed_Graph(vertices, edges)
                ^^^^^^^^^^^^^^
2024.07.01 11:43:16 INFO  time: evaluated worksheet 'GraphWorksheet.worksheet.sc' in 0.1s
[31merror[39m: graphy\src\main\scala\worksheets\GraphWorksheet.worksheet.sc:1:8: identifier expected but . found
import .Graph
       ^
2024.07.01 11:43:18 INFO  time: evaluated worksheet 'GraphWorksheet.worksheet.sc' in 0.15s
2024.07.01 11:45:31 INFO  compiling root (1 scala source)
2024.07.01 11:45:31 INFO  time: compiled root in 0.67s
2024.07.01 11:45:33 INFO  compiling root (1 scala source)
2024.07.01 11:45:33 INFO  time: compiled root in 0.21s
2024.07.01 11:45:34 WARN  Could not load snapshot text for C:\Users\loubr\M1\Functional_Prog\graph-scala\graphy\src\main\scala\Directed_Graph.scala
2024.07.01 11:45:38 INFO  compiling root (2 scala sources)
2024.07.01 11:45:38 INFO  time: compiled root in 0.71s
2024.07.01 11:45:38 INFO  compiling root (2 scala sources)
2024.07.01 11:45:38 INFO  time: compiled root in 0.19s
Jul 01, 2024 11:45:43 AM org.eclipse.lsp4j.jsonrpc.RemoteEndpoint handleCancellation
WARNING: Unmatched cancel notification for request id 453
2024.07.01 11:45:44 INFO  compiling root (5 scala sources)
2024.07.01 11:45:44 INFO  time: compiled root in 0.26s
2024.07.01 11:45:46 INFO  compiling root (5 scala sources)
2024.07.01 11:45:46 INFO  time: compiled root in 0.24s
Jul 01, 2024 11:45:48 AM org.eclipse.lsp4j.jsonrpc.RemoteEndpoint handleCancellation
WARNING: Unmatched cancel notification for request id 488
2024.07.01 11:45:50 INFO  compiling root (5 scala sources)
2024.07.01 11:45:50 INFO  time: compiled root in 0.16s
2024.07.01 11:46:04 INFO  compiling root (5 scala sources)
2024.07.01 11:46:04 INFO  time: compiled root in 0.79s
[31merror[39m: graphy\src\main\scala\worksheets\GraphWorksheet.worksheet.sc:1:8: identifier expected but . found
import .Graph
       ^
2024.07.01 11:46:06 INFO  time: evaluated worksheet 'GraphWorksheet.worksheet.sc' in 0.31s
[31merror[39m: graphy\src\main\scala\worksheets\GraphWorksheet.worksheet.sc:1:8: 
Not found: gra - did you mean graph?
import gra.Graph
       ^^^
[31merror[39m: graphy\src\main\scala\worksheets\GraphWorksheet.worksheet.sc:4:17: 
Not found: DirectedEdge
val edges = Set(DirectedEdge("A", "B"), DirectedEdge("B", "C"))
                ^^^^^^^^^^^^
[31merror[39m: graphy\src\main\scala\worksheets\GraphWorksheet.worksheet.sc:4:41: 
Not found: DirectedEdge
val edges = Set(DirectedEdge("A", "B"), DirectedEdge("B", "C"))
                                        ^^^^^^^^^^^^
[31merror[39m: graphy\src\main\scala\worksheets\GraphWorksheet.worksheet.sc:5:17: 
Not found: type Directed_Graph
val graph = new Directed_Graph(vertices, edges)
                ^^^^^^^^^^^^^^
2024.07.01 11:46:08 INFO  time: evaluated worksheet 'GraphWorksheet.worksheet.sc' in 0.11s
[31merror[39m: graphy\src\main\scala\worksheets\GraphWorksheet.worksheet.sc:5:17: 
Not found: type Directed_Graph
val graph = new Directed_Graph(vertices, edges)
                ^^^^^^^^^^^^^^
[31merror[39m: graphy\src\main\scala\worksheets\GraphWorksheet.worksheet.sc:4:17: 
Not found: DirectedEdge
val edges = Set(DirectedEdge("A", "B"), DirectedEdge("B", "C"))
                ^^^^^^^^^^^^
[31merror[39m: graphy\src\main\scala\worksheets\GraphWorksheet.worksheet.sc:4:41: 
Not found: DirectedEdge
val edges = Set(DirectedEdge("A", "B"), DirectedEdge("B", "C"))
                                        ^^^^^^^^^^^^
2024.07.01 11:46:10 INFO  time: evaluated worksheet 'GraphWorksheet.worksheet.sc' in 0.1s
Jul 01, 2024 11:46:38 AM org.eclipse.lsp4j.jsonrpc.RemoteEndpoint handleCancellation
WARNING: Unmatched cancel notification for request id 566
[31merror[39m: graphy\src\main\scala\worksheets\GraphWorksheet.worksheet.sc:1:14: identifier expected but . found
import graph..{Graph, DirectedGraph, DirectedEdge}
             ^
2024.07.01 11:46:40 INFO  time: evaluated worksheet 'GraphWorksheet.worksheet.sc' in 0.18s
[31merror[39m: graphy\src\main\scala\worksheets\GraphWorksheet.worksheet.sc:4:17: 
Not found: type Directed_Graph
val graph = new Directed_Graph(vertices, edges)
                ^^^^^^^^^^^^^^
2024.07.01 11:46:43 INFO  time: evaluated worksheet 'GraphWorksheet.worksheet.sc' in 0.11s
[31merror[39m: graphy\src\main\scala\worksheets\GraphWorksheet.worksheet.sc:5:17: 
Not found: type Directed_Graph
val graph = new Directed_Graph(vertices, edges)
                ^^^^^^^^^^^^^^
2024.07.01 11:46:44 INFO  time: evaluated worksheet 'GraphWorksheet.worksheet.sc' in 77ms
[31merror[39m: graphy\src\main\scala\worksheets\GraphWorksheet.worksheet.sc:5:17: 
Recursive import this.graph needs type

 Run with -explain-cyclic for more details.
val graph = new Directed_Graph(vertices, edges)
                ^
2024.07.01 11:46:50 INFO  time: evaluated worksheet 'GraphWorksheet.worksheet.sc' in 82ms
[31merror[39m: graphy\src\main\scala\worksheets\GraphWorksheet.worksheet.sc:5:17: 
Recursive import this.graph needs type

 Run with -explain-cyclic for more details.
val graph = new Directed_Graph(vertices, edges)
                ^
2024.07.01 11:47:13 INFO  time: evaluated worksheet 'GraphWorksheet.worksheet.sc' in 0.14s
2024.07.01 11:48:26 INFO  time: evaluated worksheet 'DirectedGraphWorksheet.worksheet.sc' in 0.24s
2024.07.01 11:48:26 INFO  time: evaluated worksheet 'DirectedGraphWorksheet.worksheet.sc' in 0.24s
2024.07.01 11:48:26 INFO  time: evaluated worksheet 'DirectedGraphWorksheet.worksheet.sc' in 0.2s
[31merror[39m: graphy\src\main\scala\worksheets\DirectedGraphWorksheet.worksheet.sc:5:17: 
Recursive import this.graph needs type

 Run with -explain-cyclic for more details.
val graph = new DirectedGraph(vertices, edges)
                ^
2024.07.01 11:48:28 INFO  time: evaluated worksheet 'DirectedGraphWorksheet.worksheet.sc' in 91ms
[31merror[39m: graphy\src\main\scala\worksheets\DirectedGraphWorksheet.worksheet.sc:5:17: 
Not found: type DirectedGraph
val graph = new DirectedGraph(vertices, edges)
                ^^^^^^^^^^^^^
2024.07.01 11:48:35 INFO  time: evaluated worksheet 'DirectedGraphWorksheet.worksheet.sc' in 83ms
2024.07.01 11:48:37 WARN  Using indexes to guess the definition of Directed_Graph
2024.07.01 11:48:37 WARN  Using indexes to guess the definition of Directed_Graph
Jul 01, 2024 11:48:38 AM org.eclipse.lsp4j.jsonrpc.RemoteEndpoint handleCancellation
WARNING: Unmatched cancel notification for request id 702
Jul 01, 2024 11:48:40 AM org.eclipse.lsp4j.jsonrpc.RemoteEndpoint handleCancellation
WARNING: Unmatched cancel notification for request id 710
[31merror[39m: graphy\src\main\scala\worksheets\DirectedGraphWorksheet.worksheet.sc:5:17: 
Not found: type DirectedGraph
val graph = new DirectedGraph(vertices, edges)
                ^^^^^^^^^^^^^
2024.07.01 11:48:40 INFO  time: evaluated worksheet 'DirectedGraphWorksheet.worksheet.sc' in 0.1s
[31merror[39m: graphy\src\main\scala\worksheets\DirectedGraphWorksheet.worksheet.sc:5:17: 
Recursive import this.graph needs type

 Run with -explain-cyclic for more details.
val graph = new Directed_Graph(vertices, edges)
                ^
2024.07.01 11:48:43 INFO  time: evaluated worksheet 'DirectedGraphWorksheet.worksheet.sc' in 0.11s
[31merror[39m: graphy\src\main\scala\worksheets\GraphWorksheet.worksheet.sc:5:17: 
Recursive import this.graph needs type

 Run with -explain-cyclic for more details.
val graph = new Directed_Graph(vertices, edges)
                ^
2024.07.01 11:48:59 INFO  time: evaluated worksheet 'GraphWorksheet.worksheet.sc' in 96ms
Jul 01, 2024 11:54:08 AM org.eclipse.lsp4j.jsonrpc.RemoteEndpoint handleCancellation
WARNING: Unmatched cancel notification for request id 758
[31merror[39m: graphy\src\main\scala\worksheets\DirectedGraphWorksheet.worksheet.sc:5:17: 
Recursive import this.graph needs type

 Run with -explain-cyclic for more details.
val graph = new Directed_Graph(vertices, edges)
                ^
2024.07.01 11:55:47 INFO  time: evaluated worksheet 'DirectedGraphWorksheet.worksheet.sc' in 0.1s
[31merror[39m: graphy\src\main\scala\worksheets\DirectedGraphWorksheet.worksheet.sc:5:17: 
Recursive import this.graph needs type

 Run with -explain-cyclic for more details.
val graph = new DirectedGraph(vertices, edges)
                ^
2024.07.01 11:55:57 INFO  time: evaluated worksheet 'DirectedGraphWorksheet.worksheet.sc' in 84ms
[31merror[39m: graphy\src\main\scala\worksheets\DirectedGraphWorksheet.worksheet.sc:5:17: 
Not found: type Directed_Graph
val graph = new Directed_Graph(vertices, edges)
                ^^^^^^^^^^^^^^
2024.07.01 11:56:00 INFO  time: evaluated worksheet 'DirectedGraphWorksheet.worksheet.sc' in 94ms
[31merror[39m: graphy\src\main\scala\worksheets\DirectedGraphWorksheet.worksheet.sc:5:17: 
Recursive import this.graph needs type

 Run with -explain-cyclic for more details.
val graph = new Directed_Graph(vertices, edges)
                ^
2024.07.01 11:56:02 INFO  time: evaluated worksheet 'DirectedGraphWorksheet.worksheet.sc' in 80ms
[31merror[39m: graphy\src\main\scala\worksheets\GraphWorksheet.worksheet.sc:5:17: 
Recursive import this.graph needs type

 Run with -explain-cyclic for more details.
val graph = new Directed_Graph(vertices, edges)
                ^
2024.07.01 11:56:43 INFO  time: evaluated worksheet 'GraphWorksheet.worksheet.sc' in 97ms
[31merror[39m: graphy\src\main\scala\worksheets\GraphWorksheet.worksheet.sc:5:17: 
Recursive import this.graph needs type

 Run with -explain-cyclic for more details.
val graph = new Directed_Graph(vertices, edges)
                ^
2024.07.01 12:04:09 INFO  time: evaluated worksheet 'GraphWorksheet.worksheet.sc' in 91ms
Jul 01, 2024 12:04:15 PM org.eclipse.lsp4j.jsonrpc.RemoteEndpoint fallbackResponseError
SEVERE: Internal error: scala.meta.internal.metals.debug.DebugProvider$NoRunOptionException$: There is nothing to run or test in the current file.
java.util.concurrent.CompletionException: scala.meta.internal.metals.debug.DebugProvider$NoRunOptionException$: There is nothing to run or test in the current file.
	at java.base/java.util.concurrent.CompletableFuture.encodeThrowable(CompletableFuture.java:332)
	at java.base/java.util.concurrent.CompletableFuture.uniAcceptNow(CompletableFuture.java:747)
	at java.base/java.util.concurrent.CompletableFuture.uniAcceptStage(CompletableFuture.java:735)
	at java.base/java.util.concurrent.CompletableFuture.thenAcceptAsync(CompletableFuture.java:2186)
	at scala.concurrent.java8.FuturesConvertersImpl$CF.thenAccept(FutureConvertersImpl.scala:37)
	at org.eclipse.lsp4j.jsonrpc.RemoteEndpoint.handleRequest(RemoteEndpoint.java:288)
	at org.eclipse.lsp4j.jsonrpc.RemoteEndpoint.consume(RemoteEndpoint.java:201)
	at org.eclipse.lsp4j.jsonrpc.json.StreamMessageProducer.handleMessage(StreamMessageProducer.java:185)
	at org.eclipse.lsp4j.jsonrpc.json.StreamMessageProducer.listen(StreamMessageProducer.java:97)
	at org.eclipse.lsp4j.jsonrpc.json.ConcurrentMessageProcessor.run(ConcurrentMessageProcessor.java:114)
	at java.base/java.util.concurrent.Executors$RunnableAdapter.call(Executors.java:539)
	at java.base/java.util.concurrent.FutureTask.run(FutureTask.java:264)
	at java.base/java.util.concurrent.ThreadPoolExecutor.runWorker(ThreadPoolExecutor.java:1136)
	at java.base/java.util.concurrent.ThreadPoolExecutor$Worker.run(ThreadPoolExecutor.java:635)
	at java.base/java.lang.Thread.run(Thread.java:833)
Caused by: scala.meta.internal.metals.debug.DebugProvider$NoRunOptionException$: There is nothing to run or test in the current file.
	at scala.meta.internal.metals.debug.DebugProvider$NoRunOptionException$.<clinit>(DebugProvider.scala:1036)
	at scala.meta.internal.metals.debug.DebugProvider.$anonfun$resolveInFile$2(DebugProvider.scala:479)
	at scala.Option.fold(Option.scala:263)
	at scala.meta.internal.metals.debug.DebugProvider.resolveInFile(DebugProvider.scala:450)
	at scala.meta.internal.metals.debug.DebugProvider.debugDiscovery(DebugProvider.scala:595)
	at scala.meta.internal.metals.MetalsLspService.debugDiscovery(MetalsLspService.scala:1493)
	at scala.meta.internal.metals.WorkspaceLspService.executeCommand(WorkspaceLspService.scala:983)
	at scala.meta.metals.lsp.DelegatingScalaService.executeCommand(DelegatingScalaService.scala:169)
	at java.base/jdk.internal.reflect.NativeMethodAccessorImpl.invoke0(Native Method)
	at java.base/jdk.internal.reflect.NativeMethodAccessorImpl.invoke(NativeMethodAccessorImpl.java:77)
	at java.base/jdk.internal.reflect.DelegatingMethodAccessorImpl.invoke(DelegatingMethodAccessorImpl.java:43)
	at java.base/java.lang.reflect.Method.invoke(Method.java:568)
	at org.eclipse.lsp4j.jsonrpc.services.GenericEndpoint.lambda$recursiveFindRpcMethods$0(GenericEndpoint.java:65)
	at org.eclipse.lsp4j.jsonrpc.services.GenericEndpoint.request(GenericEndpoint.java:128)
	at org.eclipse.lsp4j.jsonrpc.RemoteEndpoint.handleRequest(RemoteEndpoint.java:271)
	... 9 more

Jul 01, 2024 12:04:20 PM org.eclipse.lsp4j.jsonrpc.services.GenericEndpoint notify
INFO: Unsupported notification method: $/setTrace
2024.07.01 12:04:28 INFO  no build target found for C:\Users\loubr\M1\Functional_Prog\graph-scala\graphy\build.sbt. Using presentation compiler with project's scala-library version: 3.3.3
2024.07.01 12:04:28 INFO  no build target found for C:\Users\loubr\M1\Functional_Prog\graph-scala\graphy\build.sbt. Using presentation compiler with project's scala-library version: 3.3.3
2024.07.01 12:04:29 INFO  time: code lens generation in 1.21s
2024.07.01 12:06:25 INFO  no build target found for C:\Users\loubr\M1\Functional_Prog\graph-scala\graphy\build.sbt. Using presentation compiler with project's scala-library version: 3.3.3
Jul 01, 2024 12:06:26 PM org.eclipse.lsp4j.jsonrpc.RemoteEndpoint handleCancellation
WARNING: Unmatched cancel notification for request id 1173
2024.07.01 12:09:55 INFO  no build target found for C:\Users\loubr\M1\Functional_Prog\graph-scala\graphy\build.sbt. Using presentation compiler with project's scala-library version: 3.3.3
2024.07.01 12:09:55 INFO  no build target found for C:\Users\loubr\M1\Functional_Prog\graph-scala\graphy\build.sbt. Using presentation compiler with project's scala-library version: 3.3.3
2024.07.01 12:09:57 INFO  no build target found for C:\Users\loubr\M1\Functional_Prog\graph-scala\graphy\build.sbt. Using presentation compiler with project's scala-library version: 3.3.3
2024.07.01 12:09:57 INFO  no build target found for C:\Users\loubr\M1\Functional_Prog\graph-scala\graphy\build.sbt. Using presentation compiler with project's scala-library version: 3.3.3
2024.07.01 12:09:57 INFO  no build target found for C:\Users\loubr\M1\Functional_Prog\graph-scala\graphy\build.sbt. Using presentation compiler with project's scala-library version: 3.3.3
2024.07.01 12:09:58 INFO  no build target found for C:\Users\loubr\M1\Functional_Prog\graph-scala\graphy\build.sbt. Using presentation compiler with project's scala-library version: 3.3.3
2024.07.01 12:09:58 INFO  no build target found for C:\Users\loubr\M1\Functional_Prog\graph-scala\graphy\build.sbt. Using presentation compiler with project's scala-library version: 3.3.3
2024.07.01 12:09:59 WARN  no build target for: C:\Users\loubr\M1\Functional_Prog\graph-scala\graphy\build.sbt
2024.07.01 12:09:58 INFO  skipping build import with status 'Installed'
2024.07.01 12:09:59 INFO  no build target found for C:\Users\loubr\M1\Functional_Prog\graph-scala\graphy\build.sbt. Using presentation compiler with project's scala-library version: 3.3.3
2024.07.01 12:09:59 INFO  Disconnecting from Bloop session...
2024.07.01 12:09:58 INFO  Shut down connection with build server.
2024.07.01 12:09:59 INFO  Attempting to connect to the build server...
2024.07.01 12:09:59 INFO  tracing is disabled for protocol BSP, to enable tracing of incoming and outgoing JSON messages create an empty file at C:\Users\loubr\M1\Functional_Prog\graph-scala\.metals\bsp.trace.json or C:\Users\loubr\AppData\Local\scalameta\metals\cache\bsp.trace.json
2024.07.01 12:09:59 INFO  time: Connected to build server in 0.14s
2024.07.01 12:09:59 INFO  Connected to Build server: Bloop v1.5.18
2024.07.01 12:09:59 INFO  no build target found for C:\Users\loubr\M1\Functional_Prog\graph-scala\graphy\build.sbt. Using presentation compiler with project's scala-library version: 3.3.3
2024.07.01 12:10:00 INFO  no build target found for C:\Users\loubr\M1\Functional_Prog\graph-scala\graphy\build.sbt. Using presentation compiler with project's scala-library version: 3.3.3
2024.07.01 12:10:00 INFO  no build target found for C:\Users\loubr\M1\Functional_Prog\graph-scala\graphy\build.sbt. Using presentation compiler with project's scala-library version: 3.3.3
2024.07.01 12:10:01 WARN  no build target for: C:\Users\loubr\M1\Functional_Prog\graph-scala\graphy\build.sbt
2024.07.01 12:10:01 INFO  no build target found for C:\Users\loubr\M1\Functional_Prog\graph-scala\graphy\build.sbt. Using presentation compiler with project's scala-library version: 3.3.3
2024.07.01 12:10:01 INFO  time: indexed workspace in 1.77s
2024.07.01 12:10:01 WARN  no build target for: C:\Users\loubr\M1\Functional_Prog\graph-scala\graphy\build.sbt
2024.07.01 12:10:01 INFO  no build target found for C:\Users\loubr\M1\Functional_Prog\graph-scala\graphy\build.sbt. Using presentation compiler with project's scala-library version: 3.3.3
2024.07.01 12:10:01 INFO  skipping build import with status 'Installed'
2024.07.01 12:10:01 INFO  Disconnecting from Bloop session...
2024.07.01 12:10:01 INFO  Shut down connection with build server.
2024.07.01 12:10:01 INFO  Attempting to connect to the build server...
2024.07.01 12:10:01 INFO  tracing is disabled for protocol BSP, to enable tracing of incoming and outgoing JSON messages create an empty file at C:\Users\loubr\M1\Functional_Prog\graph-scala\.metals\bsp.trace.json or C:\Users\loubr\AppData\Local\scalameta\metals\cache\bsp.trace.json
2024.07.01 12:10:01 INFO  time: Connected to build server in 65ms
2024.07.01 12:10:01 INFO  Connected to Build server: Bloop v1.5.18
2024.07.01 12:10:03 INFO  time: indexed workspace in 1.56s
2024.07.01 12:10:03 WARN  no build target for: C:\Users\loubr\M1\Functional_Prog\graph-scala\graphy\build.sbt
2024.07.01 12:10:03 INFO  no build target found for C:\Users\loubr\M1\Functional_Prog\graph-scala\graphy\build.sbt. Using presentation compiler with project's scala-library version: 3.3.3
2024.07.01 12:10:03 INFO  no build target found for C:\Users\loubr\M1\Functional_Prog\graph-scala\graphy\build.sbt. Using presentation compiler with project's scala-library version: 3.3.3
2024.07.01 12:10:07 INFO  no build target found for C:\Users\loubr\M1\Functional_Prog\graph-scala\graphy\build.sbt. Using presentation compiler with project's scala-library version: 3.3.3
2024.07.01 12:10:07 INFO  no build target found for C:\Users\loubr\M1\Functional_Prog\graph-scala\graphy\build.sbt. Using presentation compiler with project's scala-library version: 3.3.3
2024.07.01 12:10:08 INFO  no build target found for C:\Users\loubr\M1\Functional_Prog\graph-scala\graphy\build.sbt. Using presentation compiler with project's scala-library version: 3.3.3
2024.07.01 12:10:08 INFO  no build target found for C:\Users\loubr\M1\Functional_Prog\graph-scala\graphy\build.sbt. Using presentation compiler with project's scala-library version: 3.3.3
2024.07.01 12:10:13 INFO  no build target found for C:\Users\loubr\M1\Functional_Prog\graph-scala\graphy\build.sbt. Using presentation compiler with project's scala-library version: 3.3.3
2024.07.01 12:10:13 INFO  no build target found for C:\Users\loubr\M1\Functional_Prog\graph-scala\graphy\build.sbt. Using presentation compiler with project's scala-library version: 3.3.3
2024.07.01 12:10:13 INFO  no build target found for C:\Users\loubr\M1\Functional_Prog\graph-scala\graphy\build.sbt. Using presentation compiler with project's scala-library version: 3.3.3
2024.07.01 12:10:15 INFO  no build target found for C:\Users\loubr\M1\Functional_Prog\graph-scala\graphy\build.sbt. Using presentation compiler with project's scala-library version: 3.3.3
2024.07.01 12:10:15 INFO  no build target found for C:\Users\loubr\M1\Functional_Prog\graph-scala\graphy\build.sbt. Using presentation compiler with project's scala-library version: 3.3.3
2024.07.01 12:10:16 INFO  no build target found for C:\Users\loubr\M1\Functional_Prog\graph-scala\graphy\build.sbt. Using presentation compiler with project's scala-library version: 3.3.3
2024.07.01 12:10:16 INFO  no build target found for C:\Users\loubr\M1\Functional_Prog\graph-scala\graphy\build.sbt. Using presentation compiler with project's scala-library version: 3.3.3
2024.07.01 12:10:17 WARN  no build target for: C:\Users\loubr\M1\Functional_Prog\graph-scala\graphy\build.sbt
2024.07.01 12:10:17 INFO  no build target found for C:\Users\loubr\M1\Functional_Prog\graph-scala\graphy\build.sbt. Using presentation compiler with project's scala-library version: 3.3.3
2024.07.01 12:10:18 INFO  no build target found for C:\Users\loubr\M1\Functional_Prog\graph-scala\graphy\build.sbt. Using presentation compiler with project's scala-library version: 3.3.3
2024.07.01 12:11:02 INFO  no build target found for C:\Users\loubr\M1\Functional_Prog\graph-scala\graphy\build.sbt. Using presentation compiler with project's scala-library version: 3.3.3
2024.07.01 12:11:07 INFO  no build target found for C:\Users\loubr\M1\Functional_Prog\graph-scala\graphy\build.sbt. Using presentation compiler with project's scala-library version: 3.3.3
2024.07.01 12:11:07 INFO  no build target found for C:\Users\loubr\M1\Functional_Prog\graph-scala\graphy\build.sbt. Using presentation compiler with project's scala-library version: 3.3.3
2024.07.01 12:11:07 INFO  no build target found for C:\Users\loubr\M1\Functional_Prog\graph-scala\graphy\build.sbt. Using presentation compiler with project's scala-library version: 3.3.3
2024.07.01 12:11:08 WARN  no build target for: C:\Users\loubr\M1\Functional_Prog\graph-scala\graphy\build.sbt
2024.07.01 12:13:07 INFO  no build target found for C:\Users\loubr\M1\Functional_Prog\graph-scala\graphy\build.sbt. Using presentation compiler with project's scala-library version: 3.3.3
2024.07.01 12:13:08 INFO  no build target found for C:\Users\loubr\M1\Functional_Prog\graph-scala\graphy\build.sbt. Using presentation compiler with project's scala-library version: 3.3.3
2024.07.01 12:13:08 INFO  no build target found for C:\Users\loubr\M1\Functional_Prog\graph-scala\graphy\build.sbt. Using presentation compiler with project's scala-library version: 3.3.3
2024.07.01 12:13:09 INFO  no build target found for C:\Users\loubr\M1\Functional_Prog\graph-scala\graphy\build.sbt. Using presentation compiler with project's scala-library version: 3.3.3
2024.07.01 12:13:09 INFO  no build target found for C:\Users\loubr\M1\Functional_Prog\graph-scala\graphy\build.sbt. Using presentation compiler with project's scala-library version: 3.3.3
2024.07.01 12:13:09 WARN  no build target for: C:\Users\loubr\M1\Functional_Prog\graph-scala\graphy\build.sbt
2024.07.01 12:13:09 INFO  skipping build import with status 'Dismissed'
2024.07.01 12:13:09 INFO  no build target found for C:\Users\loubr\M1\Functional_Prog\graph-scala\graphy\build.sbt. Using presentation compiler with project's scala-library version: 3.3.3
2024.07.01 12:13:11 INFO  no build target found for C:\Users\loubr\M1\Functional_Prog\graph-scala\graphy\build.sbt. Using presentation compiler with project's scala-library version: 3.3.3
2024.07.01 12:13:11 INFO  no build target found for C:\Users\loubr\M1\Functional_Prog\graph-scala\graphy\build.sbt. Using presentation compiler with project's scala-library version: 3.3.3
2024.07.01 12:13:11 INFO  no build target found for C:\Users\loubr\M1\Functional_Prog\graph-scala\graphy\build.sbt. Using presentation compiler with project's scala-library version: 3.3.3
2024.07.01 12:13:12 WARN  no build target for: C:\Users\loubr\M1\Functional_Prog\graph-scala\graphy\build.sbt
2024.07.01 12:13:12 INFO  skipping build import with status 'Dismissed'
2024.07.01 12:13:12 INFO  no build target found for C:\Users\loubr\M1\Functional_Prog\graph-scala\graphy\build.sbt. Using presentation compiler with project's scala-library version: 3.3.3
2024.07.01 12:13:12 INFO  no build target found for C:\Users\loubr\M1\Functional_Prog\graph-scala\graphy\build.sbt. Using presentation compiler with project's scala-library version: 3.3.3
2024.07.01 12:13:13 INFO  no build target found for C:\Users\loubr\M1\Functional_Prog\graph-scala\graphy\build.sbt. Using presentation compiler with project's scala-library version: 3.3.3
2024.07.01 12:13:12 INFO  no build target found for C:\Users\loubr\M1\Functional_Prog\graph-scala\graphy\build.sbt. Using presentation compiler with project's scala-library version: 3.3.3
2024.07.01 12:13:13 WARN  no build target for: C:\Users\loubr\M1\Functional_Prog\graph-scala\graphy\build.sbt
2024.07.01 12:13:13 INFO  skipping build import with status 'Dismissed'
2024.07.01 12:13:13 INFO  no build target found for C:\Users\loubr\M1\Functional_Prog\graph-scala\graphy\build.sbt. Using presentation compiler with project's scala-library version: 3.3.3
2024.07.01 12:13:15 INFO  no build target found for C:\Users\loubr\M1\Functional_Prog\graph-scala\graphy\build.sbt. Using presentation compiler with project's scala-library version: 3.3.3
2024.07.01 12:13:15 INFO  no build target found for C:\Users\loubr\M1\Functional_Prog\graph-scala\graphy\build.sbt. Using presentation compiler with project's scala-library version: 3.3.3
2024.07.01 12:14:01 INFO  no build target found for C:\Users\loubr\M1\Functional_Prog\graph-scala\graphy\build.sbt. Using presentation compiler with project's scala-library version: 3.3.3
2024.07.01 12:14:01 INFO  no build target found for C:\Users\loubr\M1\Functional_Prog\graph-scala\graphy\build.sbt. Using presentation compiler with project's scala-library version: 3.3.3
2024.07.01 12:14:01 INFO  no build target found for C:\Users\loubr\M1\Functional_Prog\graph-scala\graphy\build.sbt. Using presentation compiler with project's scala-library version: 3.3.3
2024.07.01 12:14:02 INFO  no build target found for C:\Users\loubr\M1\Functional_Prog\graph-scala\graphy\build.sbt. Using presentation compiler with project's scala-library version: 3.3.3
2024.07.01 12:14:03 INFO  no build target found for C:\Users\loubr\M1\Functional_Prog\graph-scala\graphy\build.sbt. Using presentation compiler with project's scala-library version: 3.3.3
2024.07.01 12:14:03 INFO  no build target found for C:\Users\loubr\M1\Functional_Prog\graph-scala\graphy\build.sbt. Using presentation compiler with project's scala-library version: 3.3.3
2024.07.01 12:14:03 INFO  no build target found for C:\Users\loubr\M1\Functional_Prog\graph-scala\graphy\build.sbt. Using presentation compiler with project's scala-library version: 3.3.3
2024.07.01 12:14:03 INFO  no build target found for C:\Users\loubr\M1\Functional_Prog\graph-scala\graphy\build.sbt. Using presentation compiler with project's scala-library version: 3.3.3
2024.07.01 12:14:03 INFO  no build target found for C:\Users\loubr\M1\Functional_Prog\graph-scala\graphy\build.sbt. Using presentation compiler with project's scala-library version: 3.3.3
2024.07.01 12:14:03 INFO  no build target found for C:\Users\loubr\M1\Functional_Prog\graph-scala\graphy\build.sbt. Using presentation compiler with project's scala-library version: 3.3.3
2024.07.01 12:14:04 INFO  no build target found for C:\Users\loubr\M1\Functional_Prog\graph-scala\graphy\build.sbt. Using presentation compiler with project's scala-library version: 3.3.3
2024.07.01 12:14:05 WARN  no build target for: C:\Users\loubr\M1\Functional_Prog\graph-scala\graphy\build.sbt
2024.07.01 12:14:05 INFO  no build target found for C:\Users\loubr\M1\Functional_Prog\graph-scala\graphy\build.sbt. Using presentation compiler with project's scala-library version: 3.3.3
2024.07.01 12:14:05 INFO  skipping build import with status 'Dismissed'
2024.07.01 12:14:05 INFO  no build target found for C:\Users\loubr\M1\Functional_Prog\graph-scala\graphy\build.sbt. Using presentation compiler with project's scala-library version: 3.3.3
2024.07.01 12:14:05 INFO  no build target found for C:\Users\loubr\M1\Functional_Prog\graph-scala\graphy\build.sbt. Using presentation compiler with project's scala-library version: 3.3.3
2024.07.01 12:14:05 INFO  no build target found for C:\Users\loubr\M1\Functional_Prog\graph-scala\graphy\build.sbt. Using presentation compiler with project's scala-library version: 3.3.3
2024.07.01 12:14:05 INFO  no build target found for C:\Users\loubr\M1\Functional_Prog\graph-scala\graphy\build.sbt. Using presentation compiler with project's scala-library version: 3.3.3
2024.07.01 12:14:06 WARN  no build target for: C:\Users\loubr\M1\Functional_Prog\graph-scala\graphy\build.sbt
2024.07.01 12:14:06 INFO  skipping build import with status 'Dismissed'
2024.07.01 12:14:06 INFO  no build target found for C:\Users\loubr\M1\Functional_Prog\graph-scala\graphy\build.sbt. Using presentation compiler with project's scala-library version: 3.3.3
2024.07.01 12:14:05 INFO  no build target found for C:\Users\loubr\M1\Functional_Prog\graph-scala\graphy\build.sbt. Using presentation compiler with project's scala-library version: 3.3.3
2024.07.01 12:14:07 INFO  no build target found for C:\Users\loubr\M1\Functional_Prog\graph-scala\graphy\build.sbt. Using presentation compiler with project's scala-library version: 3.3.3
2024.07.01 12:14:07 INFO  skipping build import with status 'Dismissed'
2024.07.01 12:14:07 WARN  no build target for: C:\Users\loubr\M1\Functional_Prog\graph-scala\graphy\build.sbt
2024.07.01 12:14:07 INFO  no build target found for C:\Users\loubr\M1\Functional_Prog\graph-scala\graphy\build.sbt. Using presentation compiler with project's scala-library version: 3.3.3
2024.07.01 12:14:50 INFO  no build target found for C:\Users\loubr\M1\Functional_Prog\graph-scala\graphy\build.sbt. Using presentation compiler with project's scala-library version: 3.3.3
Jul 01, 2024 12:14:50 PM org.eclipse.lsp4j.jsonrpc.RemoteEndpoint handleCancellation
WARNING: Unmatched cancel notification for request id 1345
Jul 01, 2024 12:14:53 PM org.eclipse.lsp4j.jsonrpc.RemoteEndpoint handleCancellation
WARNING: Unmatched cancel notification for request id 1355
[31merror[39m: graphy\src\main\scala\worksheets\GraphWorksheet.worksheet.sc:5:17: 
Recursive import this.graph needs type

 Run with -explain-cyclic for more details.
val graph = new Directed_Graph(vertices, edges)
                ^
2024.07.01 12:14:54 INFO  time: evaluated worksheet 'GraphWorksheet.worksheet.sc' in 0.34s
Jul 01, 2024 12:14:55 PM org.eclipse.lsp4j.jsonrpc.RemoteEndpoint handleCancellation
WARNING: Unmatched cancel notification for request id 1360
Jul 01, 2024 12:15:10 PM org.eclipse.lsp4j.jsonrpc.RemoteEndpoint handleCancellation
WARNING: Unmatched cancel notification for request id 1366
[31merror[39m: graphy\src\main\scala\worksheets\DirectedGraphWorksheet.worksheet.sc:5:17: 
Recursive import this.graph needs type

 Run with -explain-cyclic for more details.
val graph = new Directed_Graph(vertices, edges)
                ^
2024.07.01 12:15:10 INFO  time: evaluated worksheet 'DirectedGraphWorksheet.worksheet.sc' in 0.25s
2024.07.01 12:16:24 INFO  compiling root-test (1 scala source)
2024.07.01 12:16:24 INFO  time: compiled root-test in 0.19s
2024.07.01 12:16:24 WARN  Could not find semantic tokens for: file:///C:/Users/loubr/M1/Functional_Prog/graph-scala/graphy/src/test/scala/GraphTest.scala
2024.07.01 12:16:25 WARN  Could not find semantic tokens for: file:///C:/Users/loubr/M1/Functional_Prog/graph-scala/graphy/src/test/scala/GraphTest.scala
2024.07.01 12:16:27 INFO  compiling root-test (1 scala source)
2024.07.01 12:16:28 INFO  time: compiled root-test in 1.27s
Jul 01, 2024 12:17:19 PM org.eclipse.lsp4j.jsonrpc.RemoteEndpoint handleCancellation
WARNING: Unmatched cancel notification for request id 1427
[31merror[39m: graphy\src\main\scala\worksheets\DirectedGraphWorksheet.worksheet.sc:5:17: 
Recursive import this.graph needs type

 Run with -explain-cyclic for more details.
val graph = new Directed_Graph(vertices, edges)
                ^
2024.07.01 12:17:20 INFO  time: evaluated worksheet 'DirectedGraphWorksheet.worksheet.sc' in 0.21s
Jul 01, 2024 12:19:12 PM org.eclipse.lsp4j.jsonrpc.RemoteEndpoint handleCancellation
WARNING: Unmatched cancel notification for request id 1459
2024.07.01 12:19:15 WARN  Using indexes to guess the definition of DirectedEdge
2024.07.01 12:19:15 WARN  Using indexes to guess the definition of DirectedEdge
Jul 01, 2024 12:19:15 PM org.eclipse.lsp4j.jsonrpc.RemoteEndpoint handleCancellation
WARNING: Unmatched cancel notification for request id 1465
Jul 01, 2024 12:19:18 PM org.eclipse.lsp4j.jsonrpc.RemoteEndpoint handleCancellation
WARNING: Unmatched cancel notification for request id 1475
[31merror[39m: graphy\src\main\scala\worksheets\DirectedGraphWorksheet.worksheet.sc:5:17: 
Recursive import this.graph needs type

 Run with -explain-cyclic for more details.
val graph = new Directed_Graph(vertices, edges)
                ^
2024.07.01 12:19:19 INFO  time: evaluated worksheet 'DirectedGraphWorksheet.worksheet.sc' in 0.17s
2024.07.01 12:19:20 WARN  Using indexes to guess the definition of Directed_Graph
2024.07.01 12:19:20 WARN  Using indexes to guess the definition of Directed_Graph
2024.07.01 12:19:20 WARN  Using indexes to guess the definition of Directed_Graph
2024.07.01 12:19:20 WARN  Using indexes to guess the definition of Directed_Graph
Jul 01, 2024 12:19:21 PM org.eclipse.lsp4j.jsonrpc.RemoteEndpoint handleCancellation
WARNING: Unmatched cancel notification for request id 1491
Jul 01, 2024 12:19:23 PM org.eclipse.lsp4j.jsonrpc.RemoteEndpoint handleCancellation
WARNING: Unmatched cancel notification for request id 1501
[31merror[39m: graphy\src\main\scala\worksheets\DirectedGraphWorksheet.worksheet.sc:5:17: 
Recursive import this.graph needs type

 Run with -explain-cyclic for more details.
val graph = new Directed_Graph(vertices, edges)
                ^
2024.07.01 12:19:23 INFO  time: evaluated worksheet 'DirectedGraphWorksheet.worksheet.sc' in 0.23s
[31merror[39m: graphy\src\main\scala\worksheets\DirectedGraphWorksheet.worksheet.sc:7:9: 
value vertices is not a member of graph
println(graph.vertices)
        ^^^^^^^^^^^^^^
[31merror[39m: graphy\src\main\scala\worksheets\DirectedGraphWorksheet.worksheet.sc:8:9: 
value edges is not a member of graph
println(graph.edges)
        ^^^^^^^^^^^
[31merror[39m: graphy\src\main\scala\worksheets\DirectedGraphWorksheet.worksheet.sc:9:9: 
value neighbors is not a member of graph
println(graph.neighbors("A"))
        ^^^^^^^^^^^^^^^
[31merror[39m: graphy\src\main\scala\worksheets\DirectedGraphWorksheet.worksheet.sc:10:9: 
value addEdge is not a member of graph
println(graph.addEdge(DirectedEdge("C", "A")).edges)
        ^^^^^^^^^^^^^
[31merror[39m: graphy\src\main\scala\worksheets\DirectedGraphWorksheet.worksheet.sc:11:9: 
value removeEdge is not a member of graph
println(graph.removeEdge(DirectedEdge("B", "C")).edges)
        ^^^^^^^^^^^^^^^^
2024.07.01 12:19:30 INFO  time: evaluated worksheet 'DirectedGraphWorksheet.worksheet.sc' in 0.31s
[31merror[39m: graphy\src\main\scala\worksheets\DirectedGraphWorksheet.worksheet.sc:8:9: 
value edges is not a member of graph
println(graph.edges)
        ^^^^^^^^^^^
[31merror[39m: graphy\src\main\scala\worksheets\DirectedGraphWorksheet.worksheet.sc:9:9: 
value neighbors is not a member of graph
println(graph.neighbors("A"))
        ^^^^^^^^^^^^^^^
[31merror[39m: graphy\src\main\scala\worksheets\DirectedGraphWorksheet.worksheet.sc:10:9: 
value addEdge is not a member of graph
println(graph.addEdge(DirectedEdge("C", "A")).edges)
        ^^^^^^^^^^^^^
[31merror[39m: graphy\src\main\scala\worksheets\DirectedGraphWorksheet.worksheet.sc:11:9: 
value removeEdge is not a member of graph
println(graph.removeEdge(DirectedEdge("B", "C")).edges)
        ^^^^^^^^^^^^^^^^
2024.07.01 12:19:33 INFO  time: evaluated worksheet 'DirectedGraphWorksheet.worksheet.sc' in 0.26s
[31merror[39m: graphy\src\main\scala\worksheets\DirectedGraphWorksheet.worksheet.sc:9:9: 
value neighbors is not a member of graph
println(graph.neighbors("A"))
        ^^^^^^^^^^^^^^^
[31merror[39m: graphy\src\main\scala\worksheets\DirectedGraphWorksheet.worksheet.sc:10:9: 
value addEdge is not a member of graph
println(graph.addEdge(DirectedEdge("C", "A")).edges)
        ^^^^^^^^^^^^^
[31merror[39m: graphy\src\main\scala\worksheets\DirectedGraphWorksheet.worksheet.sc:11:9: 
value removeEdge is not a member of graph
println(graph.removeEdge(DirectedEdge("B", "C")).edges)
        ^^^^^^^^^^^^^^^^
2024.07.01 12:19:37 INFO  time: evaluated worksheet 'DirectedGraphWorksheet.worksheet.sc' in 0.29s
[31merror[39m: graphy\src\main\scala\worksheets\DirectedGraphWorksheet.worksheet.sc:10:9: 
value addEdge is not a member of graph
println(graph.addEdge(DirectedEdge("C", "A")).edges)
        ^^^^^^^^^^^^^
[31merror[39m: graphy\src\main\scala\worksheets\DirectedGraphWorksheet.worksheet.sc:11:9: 
value removeEdge is not a member of graph
println(graph.removeEdge(DirectedEdge("B", "C")).edges)
        ^^^^^^^^^^^^^^^^
2024.07.01 12:19:39 INFO  time: evaluated worksheet 'DirectedGraphWorksheet.worksheet.sc' in 0.22s
[31merror[39m: graphy\src\main\scala\worksheets\DirectedGraphWorksheet.worksheet.sc:10:9: 
Not found: graph - did you mean graphy?
println(graph.addEdge(DirectedEdge("C", "A")).edges)
        ^^^^^^
[31merror[39m: graphy\src\main\scala\worksheets\DirectedGraphWorksheet.worksheet.sc:11:9: 
value removeEdge is not a member of graph
println(graph.removeEdge(DirectedEdge("B", "C")).edges)
        ^^^^^^^^^^^^^^^^
2024.07.01 12:19:41 INFO  time: evaluated worksheet 'DirectedGraphWorksheet.worksheet.sc' in 0.25s
[31merror[39m: graphy\src\main\scala\worksheets\DirectedGraphWorksheet.worksheet.sc:11:9: 
value removeEdge is not a member of graph
println(graph.removeEdge(DirectedEdge("B", "C")).edges)
        ^^^^^^^^^^^^^^^^
2024.07.01 12:19:43 INFO  time: evaluated worksheet 'DirectedGraphWorksheet.worksheet.sc' in 0.34s
2024.07.01 12:19:48 INFO  time: evaluated worksheet 'DirectedGraphWorksheet.worksheet.sc' in 1.5s
[31merror[39m: graphy\src\main\scala\worksheets\GraphWorksheet.worksheet.sc:5:17: 
Recursive import this.graph needs type

 Run with -explain-cyclic for more details.
val graph = new Directed_Graph(vertices, edges)
                ^
2024.07.01 12:19:53 INFO  time: evaluated worksheet 'GraphWorksheet.worksheet.sc' in 0.19s
[31merror[39m: graphy\src\main\scala\worksheets\GraphWorksheet.worksheet.sc:7:9: 
value vertices is not a member of graph
println(graph.vertices)
        ^^^^^^^^^^^^^^
[31merror[39m: graphy\src\main\scala\worksheets\GraphWorksheet.worksheet.sc:8:9: 
value edges is not a member of graph
println(graph.edges)
        ^^^^^^^^^^^
[31merror[39m: graphy\src\main\scala\worksheets\GraphWorksheet.worksheet.sc:9:9: 
value neighbors is not a member of graph
println(graph.neighbors("A"))
        ^^^^^^^^^^^^^^^
[31merror[39m: graphy\src\main\scala\worksheets\GraphWorksheet.worksheet.sc:10:9: 
value toGraphViz is not a member of graph
println(graph.toGraphViz)
        ^^^^^^^^^^^^^^^^
2024.07.01 12:19:57 INFO  time: evaluated worksheet 'GraphWorksheet.worksheet.sc' in 0.37s
[31merror[39m: graphy\src\main\scala\worksheets\GraphWorksheet.worksheet.sc:8:9: 
value edges is not a member of graph
println(graph.edges)
        ^^^^^^^^^^^
[31merror[39m: graphy\src\main\scala\worksheets\GraphWorksheet.worksheet.sc:9:9: 
value neighbors is not a member of graph
println(graph.neighbors("A"))
        ^^^^^^^^^^^^^^^
[31merror[39m: graphy\src\main\scala\worksheets\GraphWorksheet.worksheet.sc:10:9: 
value toGraphViz is not a member of graph
println(graph.toGraphViz)
        ^^^^^^^^^^^^^^^^
2024.07.01 12:20:00 INFO  time: evaluated worksheet 'GraphWorksheet.worksheet.sc' in 0.25s
[31merror[39m: graphy\src\main\scala\worksheets\GraphWorksheet.worksheet.sc:10:9: 
value toGraphViz is not a member of graph
println(graph.toGraphViz)
        ^^^^^^^^^^^^^^^^
2024.07.01 12:20:02 INFO  time: evaluated worksheet 'GraphWorksheet.worksheet.sc' in 0.29s
[31merror[39m: graphy\src\main\scala\worksheets\GraphWorksheet.worksheet.sc:10:9: 
value toGraphViz is not a member of graph.Directed_Graph[String]
println(graphy.toGraphViz)
        ^^^^^^^^^^^^^^^^^
2024.07.01 12:20:03 INFO  time: evaluated worksheet 'GraphWorksheet.worksheet.sc' in 0.31s
Jul 01, 2024 12:20:21 PM org.eclipse.lsp4j.jsonrpc.RemoteEndpoint handleCancellation
WARNING: Unmatched cancel notification for request id 1702
2024.07.01 12:20:21 INFO  compiling root-test (1 scala source)
2024.07.01 12:20:21 INFO  time: compiled root-test in 0.85s
2024.07.01 12:20:25 WARN  Could not find semantic tokens for: file:///C:/Users/loubr/M1/Functional_Prog/graph-scala/graphy/src/test/scala/GraphTest.scala
2024.07.01 12:20:26 WARN  Could not find semantic tokens for: file:///C:/Users/loubr/M1/Functional_Prog/graph-scala/graphy/src/test/scala/GraphTest.scala
[31merror[39m: graphy\src\main\scala\worksheets\GraphWorksheet.worksheet.sc:10:9: 
value toGraphViz is not a member of graph.Directed_Graph[String]
println(graphy.toGraphViz)
        ^^^^^^^^^^^^^^^^^
2024.07.01 12:20:26 INFO  time: evaluated worksheet 'GraphWorksheet.worksheet.sc' in 0.23s
Jul 01, 2024 12:25:42 PM org.eclipse.lsp4j.jsonrpc.RemoteEndpoint handleCancellation
WARNING: Unmatched cancel notification for request id 1748
2024.07.01 12:25:43 INFO  time: evaluated worksheet 'DirectedGraphWorksheet.worksheet.sc' in 0.77s
2024.07.01 12:26:10 INFO  time: evaluated worksheet 'DirectedGraphWorksheet.worksheet.sc' in 0.59s
2024.07.01 12:26:12 INFO  time: evaluated worksheet 'DirectedGraphWorksheet.worksheet.sc' in 0.68s
2024.07.01 12:26:29 INFO  time: evaluated worksheet 'DirectedGraphWorksheet.worksheet.sc' in 0.56s
2024.07.01 12:26:35 INFO  time: evaluated worksheet 'DirectedGraphWorksheet.worksheet.sc' in 0.59s
Jul 01, 2024 12:27:25 PM org.eclipse.lsp4j.jsonrpc.RemoteEndpoint handleCancellation
WARNING: Unmatched cancel notification for request id 1816
2024.07.01 12:27:34 WARN  Could not find semantic tokens for: file:///C:/Users/loubr/M1/Functional_Prog/graph-scala/graphy/src/test/scala/GraphTest.scala
2024.07.01 12:27:36 INFO  time: evaluated worksheet 'DirectedGraphWorksheet.worksheet.sc' in 0.82s
2024.07.01 12:28:01 INFO  time: evaluated worksheet 'DirectedGraphWorksheet.worksheet.sc' in 0.52s
2024.07.01 13:27:17 WARN  Target root C:\Users\loubr\M1\Functional_Prog\graph-scala\graphy\.bloop\root\bloop-bsp-clients-classes\classes-Metals-IuuYsgiIQM-JwKow-Td2CQ== does not exist
2024.07.01 14:22:07 WARN  Target root C:\Users\loubr\M1\Functional_Prog\graph-scala\graphy\.bloop\root\bloop-bsp-clients-classes\classes-Metals-IuuYsgiIQM-JwKow-Td2CQ== does not exist
2024.07.01 14:55:33 WARN  Target root C:\Users\loubr\M1\Functional_Prog\graph-scala\graphy\.bloop\root\bloop-bsp-clients-classes\classes-Metals-IuuYsgiIQM-JwKow-Td2CQ== does not exist
2024.07.01 15:06:06 WARN  Target root C:\Users\loubr\M1\Functional_Prog\graph-scala\graphy\.bloop\root\bloop-bsp-clients-classes\classes-Metals-IuuYsgiIQM-JwKow-Td2CQ== does not exist
2024.07.01 15:23:03 WARN  Target root C:\Users\loubr\M1\Functional_Prog\graph-scala\graphy\.bloop\root\bloop-bsp-clients-classes\classes-Metals-IuuYsgiIQM-JwKow-Td2CQ== does not exist
2024.07.02 07:56:20 WARN  Target root C:\Users\loubr\M1\Functional_Prog\graph-scala\graphy\.bloop\root\bloop-bsp-clients-classes\classes-Metals-IuuYsgiIQM-JwKow-Td2CQ== does not exist
2024.07.02 08:11:51 WARN  Target root C:\Users\loubr\M1\Functional_Prog\graph-scala\graphy\.bloop\root\bloop-bsp-clients-classes\classes-Metals-IuuYsgiIQM-JwKow-Td2CQ== does not exist
2024.07.02 15:49:17 WARN  Target root C:\Users\loubr\M1\Functional_Prog\graph-scala\graphy\.bloop\root\bloop-bsp-clients-classes\classes-Metals-IuuYsgiIQM-JwKow-Td2CQ== does not exist
2024.07.02 15:49:19 WARN  Target root C:\Users\loubr\M1\Functional_Prog\graph-scala\graphy\.bloop\root\bloop-bsp-clients-classes\classes-Metals-IuuYsgiIQM-JwKow-Td2CQ== does not exist
2024.07.02 15:49:20 INFO  tracing is disabled for protocol BSP, to enable tracing of incoming and outgoing JSON messages create an empty file at C:\Users\loubr\M1\Functional_Prog\graph-scala\.metals\bsp.trace.json or C:\Users\loubr\AppData\Local\scalameta\metals\cache\bsp.trace.json
2024.07.02 15:49:20 INFO  Connected to Build server: Bloop v1.5.18
2024.07.02 15:49:20 INFO  time: Imported build in 0.23s
2024.07.02 15:49:26 INFO  time: indexed workspace in 5.37s
2024.07.02 15:49:26 WARN  no build target for: C:\Users\loubr\M1\Functional_Prog\graph-scala\graphy\build.sbt
[31merror[39m: graphy\src\main\scala\worksheets\GraphWorksheet.worksheet.sc:10:9: 
value toGraphViz is not a member of graph.Directed_Graph[String]
println(graphy.toGraphViz)
        ^^^^^^^^^^^^^^^^^
2024.07.02 15:49:28 INFO  time: evaluated worksheet 'GraphWorksheet.worksheet.sc' in 1.23s
2024.07.02 15:49:30 WARN  Could not find semantic tokens for: file:///C:/Users/loubr/M1/Functional_Prog/graph-scala/graphy/src/test/scala/GraphTest.scala
2024.07.02 15:49:30 INFO  time: code lens generation in 4.11s
2024.07.02 15:49:38 WARN  Could not find semantic tokens for: file:///C:/Users/loubr/M1/Functional_Prog/graph-scala/graphy/src/test/scala/GraphTest.scala
Jul 02, 2024 3:49:42 PM org.eclipse.lsp4j.jsonrpc.RemoteEndpoint handleCancellation
WARNING: Unmatched cancel notification for request id 1959
[31merror[39m: graphy\src\main\scala\worksheets\GraphWorksheet.worksheet.sc:10:9: 
value toGraphViz is not a member of graph.Directed_Graph[String]
println(graphy.toGraphViz)
        ^^^^^^^^^^^^^^^^^
2024.07.02 15:50:29 INFO  time: evaluated worksheet 'GraphWorksheet.worksheet.sc' in 0.39s
2024.07.02 15:59:52 INFO  tracing is disabled for protocol BSP, to enable tracing of incoming and outgoing JSON messages create an empty file at C:\Users\loubr\M1\Functional_Prog\graph-scala\.metals\bsp.trace.json or C:\Users\loubr\AppData\Local\scalameta\metals\cache\bsp.trace.json
2024.07.02 15:59:52 INFO  Connected to Build server: Bloop v1.5.18
2024.07.02 15:59:55 INFO  time: indexed workspace in 2.84s
2024.07.02 15:59:55 WARN  no build target for: C:\Users\loubr\M1\Functional_Prog\graph-scala\graphy\build.sbt
2024.07.02 15:59:58 INFO  time: code lens generation in 2.59s
2024.07.03 08:18:20 INFO  tracing is disabled for protocol BSP, to enable tracing of incoming and outgoing JSON messages create an empty file at C:\Users\loubr\M1\Functional_Prog\graph-scala\.metals\bsp.trace.json or C:\Users\loubr\AppData\Local\scalameta\metals\cache\bsp.trace.json
2024.07.03 08:18:21 INFO  Connected to Build server: Bloop v1.5.18
2024.07.03 08:18:20 INFO  time: Imported build in 0.16s
2024.07.03 08:18:25 INFO  time: indexed workspace in 4.67s
2024.07.03 08:18:26 WARN  no build target for: C:\Users\loubr\M1\Functional_Prog\graph-scala\graphy\build.sbt
2024.07.03 08:18:29 INFO  time: code lens generation in 2.46s
[31merror[39m: graphy\src\main\scala\worksheets\GraphWorksheet.worksheet.sc:10:9: 
value toGraphViz is not a member of graph.Directed_Graph[String]
println(graphy.toGraphViz)
        ^^^^^^^^^^^^^^^^^
2024.07.03 08:19:15 INFO  time: evaluated worksheet 'GraphWorksheet.worksheet.sc' in 0.71s
Jul 03, 2024 8:20:26 AM org.eclipse.lsp4j.jsonrpc.RemoteEndpoint handleCancellation
WARNING: Unmatched cancel notification for request id 1980
2024.07.03 08:20:26 INFO  compiling root (1 scala source)
2024.07.03 08:20:28 INFO  time: compiled root in 1.45s
Jul 03, 2024 8:20:35 AM org.eclipse.lsp4j.jsonrpc.RemoteEndpoint handleCancellation
WARNING: Unmatched cancel notification for request id 2001
[31merror[39m: graphy\src\main\scala\worksheets\GraphWorksheet.worksheet.sc:10:9: 
value toGraphViz is not a member of graph.Directed_Graph[String]
println(graphy.toGraphViz)
        ^^^^^^^^^^^^^^^^^
2024.07.03 08:20:35 INFO  time: evaluated worksheet 'GraphWorksheet.worksheet.sc' in 0.33s
2024.07.03 08:20:39 INFO  compiling root (1 scala source)
2024.07.03 08:20:39 INFO  time: compiled root in 0.51s
2024.07.03 08:20:51 INFO  compiling root (1 scala source)
2024.07.03 08:20:51 INFO  time: compiled root in 0.2s
Jul 03, 2024 8:20:56 AM org.eclipse.lsp4j.jsonrpc.RemoteEndpoint handleCancellation
WARNING: Unmatched cancel notification for request id 2058
2024.07.03 08:21:06 INFO  compiling root (1 scala source)
2024.07.03 08:21:06 INFO  time: compiled root in 0.27s
2024.07.03 08:21:07 INFO  compiling root (1 scala source)
2024.07.03 08:21:07 INFO  time: compiled root in 0.27s
2024.07.03 08:21:25 INFO  compiling root (1 scala source)
2024.07.03 08:21:25 INFO  time: compiled root in 0.63s
[31merror[39m: graphy\src\main\scala\worksheets\GraphWorksheet.worksheet.sc:10:9: 
value toGraphViz is not a member of graph.Directed_Graph[String]
println(graphy.toGraphViz)
        ^^^^^^^^^^^^^^^^^
2024.07.03 08:21:31 INFO  time: evaluated worksheet 'GraphWorksheet.worksheet.sc' in 0.26s
Jul 03, 2024 8:21:47 AM org.eclipse.lsp4j.jsonrpc.RemoteEndpoint handleCancellation
WARNING: Unmatched cancel notification for request id 2170
[31merror[39m: graphy\src\main\scala\worksheets\GraphWorksheet.worksheet.sc:10:9: 
value toGraphViz is not a member of graph.Directed_Graph[String]
println(graphy.toGraphViz)
        ^^^^^^^^^^^^^^^^^
2024.07.03 08:22:00 INFO  time: evaluated worksheet 'GraphWorksheet.worksheet.sc' in 0.3s
Jul 03, 2024 8:22:05 AM org.eclipse.lsp4j.jsonrpc.RemoteEndpoint handleCancellation
WARNING: Unmatched cancel notification for request id 2230
2024.07.03 08:22:10 INFO  time: evaluated worksheet 'GraphWorksheet.worksheet.sc' in 0.63s
2024.07.03 08:22:20 INFO  time: evaluated worksheet 'GraphWorksheet.worksheet.sc' in 0.51s
2024.07.03 08:22:36 INFO  time: evaluated worksheet 'GraphWorksheet.worksheet.sc' in 0.55s
2024.07.03 08:25:33 INFO  compiling root (1 scala source)
2024.07.03 08:25:33 INFO  time: compiled root in 0.18s
2024.07.03 08:25:33 WARN  Could not find semantic tokens for: file:///C:/Users/loubr/M1/Functional_Prog/graph-scala/graphy/src/main/scala/ZioJson.scala
2024.07.03 08:25:33 WARN  Could not find semantic tokens for: file:///C:/Users/loubr/M1/Functional_Prog/graph-scala/graphy/src/main/scala/ZioJson.scala
2024.07.03 08:25:36 INFO  compiling root (1 scala source)
2024.07.03 08:25:36 INFO  time: compiled root in 0.22s
2024.07.03 08:26:37 INFO  no build target found for C:\Users\loubr\M1\Functional_Prog\graph-scala\graphy\build.sbt. Using presentation compiler with project's scala-library version: 3.3.3
2024.07.03 08:26:37 INFO  no build target found for C:\Users\loubr\M1\Functional_Prog\graph-scala\graphy\build.sbt. Using presentation compiler with project's scala-library version: 3.3.3
2024.07.03 08:26:38 INFO  no build target found for C:\Users\loubr\M1\Functional_Prog\graph-scala\graphy\build.sbt. Using presentation compiler with project's scala-library version: 3.3.3
2024.07.03 08:26:50 INFO  no build target found for C:\Users\loubr\M1\Functional_Prog\graph-scala\graphy\build.sbt. Using presentation compiler with project's scala-library version: 3.3.3
2024.07.03 08:26:51 INFO  no build target found for C:\Users\loubr\M1\Functional_Prog\graph-scala\graphy\build.sbt. Using presentation compiler with project's scala-library version: 3.3.3
2024.07.03 08:26:51 INFO  no build target found for C:\Users\loubr\M1\Functional_Prog\graph-scala\graphy\build.sbt. Using presentation compiler with project's scala-library version: 3.3.3
2024.07.03 08:26:50 INFO  no build target found for C:\Users\loubr\M1\Functional_Prog\graph-scala\graphy\build.sbt. Using presentation compiler with project's scala-library version: 3.3.3
2024.07.03 08:26:51 INFO  no build target found for C:\Users\loubr\M1\Functional_Prog\graph-scala\graphy\build.sbt. Using presentation compiler with project's scala-library version: 3.3.3
2024.07.03 08:26:51 INFO  no build target found for C:\Users\loubr\M1\Functional_Prog\graph-scala\graphy\build.sbt. Using presentation compiler with project's scala-library version: 3.3.3
2024.07.03 08:26:52 WARN  no build target for: C:\Users\loubr\M1\Functional_Prog\graph-scala\graphy\build.sbt
2024.07.03 08:26:52 INFO  no build target found for C:\Users\loubr\M1\Functional_Prog\graph-scala\graphy\build.sbt. Using presentation compiler with project's scala-library version: 3.3.3
2024.07.03 08:26:52 INFO  no build target found for C:\Users\loubr\M1\Functional_Prog\graph-scala\graphy\build.sbt. Using presentation compiler with project's scala-library version: 3.3.3
2024.07.03 08:26:53 INFO  no build target found for C:\Users\loubr\M1\Functional_Prog\graph-scala\graphy\build.sbt. Using presentation compiler with project's scala-library version: 3.3.3
2024.07.03 08:26:53 INFO  no build target found for C:\Users\loubr\M1\Functional_Prog\graph-scala\graphy\build.sbt. Using presentation compiler with project's scala-library version: 3.3.3
2024.07.03 08:26:55 INFO  no build target found for C:\Users\loubr\M1\Functional_Prog\graph-scala\graphy\build.sbt. Using presentation compiler with project's scala-library version: 3.3.3
2024.07.03 08:26:55 INFO  no build target found for C:\Users\loubr\M1\Functional_Prog\graph-scala\graphy\build.sbt. Using presentation compiler with project's scala-library version: 3.3.3
2024.07.03 08:26:55 INFO  no build target found for C:\Users\loubr\M1\Functional_Prog\graph-scala\graphy\build.sbt. Using presentation compiler with project's scala-library version: 3.3.3
2024.07.03 08:26:55 INFO  no build target found for C:\Users\loubr\M1\Functional_Prog\graph-scala\graphy\build.sbt. Using presentation compiler with project's scala-library version: 3.3.3
2024.07.03 08:26:55 INFO  no build target found for C:\Users\loubr\M1\Functional_Prog\graph-scala\graphy\build.sbt. Using presentation compiler with project's scala-library version: 3.3.3
2024.07.03 08:26:55 INFO  no build target found for C:\Users\loubr\M1\Functional_Prog\graph-scala\graphy\build.sbt. Using presentation compiler with project's scala-library version: 3.3.3
2024.07.03 08:26:56 INFO  no build target found for C:\Users\loubr\M1\Functional_Prog\graph-scala\graphy\build.sbt. Using presentation compiler with project's scala-library version: 3.3.3
2024.07.03 08:26:56 INFO  no build target found for C:\Users\loubr\M1\Functional_Prog\graph-scala\graphy\build.sbt. Using presentation compiler with project's scala-library version: 3.3.3
2024.07.03 08:26:56 INFO  no build target found for C:\Users\loubr\M1\Functional_Prog\graph-scala\graphy\build.sbt. Using presentation compiler with project's scala-library version: 3.3.3
2024.07.03 08:26:56 INFO  no build target found for C:\Users\loubr\M1\Functional_Prog\graph-scala\graphy\build.sbt. Using presentation compiler with project's scala-library version: 3.3.3
2024.07.03 08:26:56 INFO  no build target found for C:\Users\loubr\M1\Functional_Prog\graph-scala\graphy\build.sbt. Using presentation compiler with project's scala-library version: 3.3.3
2024.07.03 08:26:56 INFO  no build target found for C:\Users\loubr\M1\Functional_Prog\graph-scala\graphy\build.sbt. Using presentation compiler with project's scala-library version: 3.3.3
2024.07.03 08:26:56 INFO  no build target found for C:\Users\loubr\M1\Functional_Prog\graph-scala\graphy\build.sbt. Using presentation compiler with project's scala-library version: 3.3.3
2024.07.03 08:26:57 INFO  no build target found for C:\Users\loubr\M1\Functional_Prog\graph-scala\graphy\build.sbt. Using presentation compiler with project's scala-library version: 3.3.3
2024.07.03 08:26:57 INFO  no build target found for C:\Users\loubr\M1\Functional_Prog\graph-scala\graphy\build.sbt. Using presentation compiler with project's scala-library version: 3.3.3
2024.07.03 08:26:57 INFO  no build target found for C:\Users\loubr\M1\Functional_Prog\graph-scala\graphy\build.sbt. Using presentation compiler with project's scala-library version: 3.3.3
2024.07.03 08:26:57 INFO  no build target found for C:\Users\loubr\M1\Functional_Prog\graph-scala\graphy\build.sbt. Using presentation compiler with project's scala-library version: 3.3.3
2024.07.03 08:26:57 INFO  no build target found for C:\Users\loubr\M1\Functional_Prog\graph-scala\graphy\build.sbt. Using presentation compiler with project's scala-library version: 3.3.3
2024.07.03 08:26:57 INFO  no build target found for C:\Users\loubr\M1\Functional_Prog\graph-scala\graphy\build.sbt. Using presentation compiler with project's scala-library version: 3.3.3
2024.07.03 08:26:58 INFO  no build target found for C:\Users\loubr\M1\Functional_Prog\graph-scala\graphy\build.sbt. Using presentation compiler with project's scala-library version: 3.3.3
2024.07.03 08:26:58 INFO  no build target found for C:\Users\loubr\M1\Functional_Prog\graph-scala\graphy\build.sbt. Using presentation compiler with project's scala-library version: 3.3.3
2024.07.03 08:26:58 INFO  no build target found for C:\Users\loubr\M1\Functional_Prog\graph-scala\graphy\build.sbt. Using presentation compiler with project's scala-library version: 3.3.3
2024.07.03 08:26:58 INFO  no build target found for C:\Users\loubr\M1\Functional_Prog\graph-scala\graphy\build.sbt. Using presentation compiler with project's scala-library version: 3.3.3
2024.07.03 08:26:58 INFO  no build target found for C:\Users\loubr\M1\Functional_Prog\graph-scala\graphy\build.sbt. Using presentation compiler with project's scala-library version: 3.3.3
2024.07.03 08:26:59 WARN  no build target for: C:\Users\loubr\M1\Functional_Prog\graph-scala\graphy\build.sbt
2024.07.03 08:26:59 INFO  no build target found for C:\Users\loubr\M1\Functional_Prog\graph-scala\graphy\build.sbt. Using presentation compiler with project's scala-library version: 3.3.3
2024.07.03 08:26:59 INFO  no build target found for C:\Users\loubr\M1\Functional_Prog\graph-scala\graphy\build.sbt. Using presentation compiler with project's scala-library version: 3.3.3
2024.07.03 08:26:59 INFO  no build target found for C:\Users\loubr\M1\Functional_Prog\graph-scala\graphy\build.sbt. Using presentation compiler with project's scala-library version: 3.3.3
2024.07.03 08:27:00 WARN  no build target for: C:\Users\loubr\M1\Functional_Prog\graph-scala\graphy\build.sbt
2024.07.03 08:27:10 INFO  no build target found for C:\Users\loubr\M1\Functional_Prog\graph-scala\graphy\build.sbt. Using presentation compiler with project's scala-library version: 3.3.3
2024.07.03 08:27:34 INFO  no build target found for C:\Users\loubr\M1\Functional_Prog\graph-scala\graphy\build.sbt. Using presentation compiler with project's scala-library version: 3.3.3
2024.07.03 08:27:34 INFO  no build target found for C:\Users\loubr\M1\Functional_Prog\graph-scala\graphy\build.sbt. Using presentation compiler with project's scala-library version: 3.3.3
2024.07.03 08:27:34 INFO  no build target found for C:\Users\loubr\M1\Functional_Prog\graph-scala\graphy\build.sbt. Using presentation compiler with project's scala-library version: 3.3.3
2024.07.03 08:27:34 INFO  no build target found for C:\Users\loubr\M1\Functional_Prog\graph-scala\graphy\build.sbt. Using presentation compiler with project's scala-library version: 3.3.3
2024.07.03 08:27:34 INFO  no build target found for C:\Users\loubr\M1\Functional_Prog\graph-scala\graphy\build.sbt. Using presentation compiler with project's scala-library version: 3.3.3
2024.07.03 08:27:34 WARN  no build target for: C:\Users\loubr\M1\Functional_Prog\graph-scala\graphy\build.sbt
2024.07.03 08:27:38 INFO  no build target found for C:\Users\loubr\M1\Functional_Prog\graph-scala\graphy\build.sbt. Using presentation compiler with project's scala-library version: 3.3.3
2024.07.03 08:27:41 INFO  no build target found for C:\Users\loubr\M1\Functional_Prog\graph-scala\graphy\build.sbt. Using presentation compiler with project's scala-library version: 3.3.3
2024.07.03 08:27:41 INFO  no build target found for C:\Users\loubr\M1\Functional_Prog\graph-scala\graphy\build.sbt. Using presentation compiler with project's scala-library version: 3.3.3
2024.07.03 08:27:41 INFO  no build target found for C:\Users\loubr\M1\Functional_Prog\graph-scala\graphy\build.sbt. Using presentation compiler with project's scala-library version: 3.3.3
2024.07.03 08:27:41 INFO  no build target found for C:\Users\loubr\M1\Functional_Prog\graph-scala\graphy\build.sbt. Using presentation compiler with project's scala-library version: 3.3.3
2024.07.03 08:27:42 WARN  no build target for: C:\Users\loubr\M1\Functional_Prog\graph-scala\graphy\build.sbt
2024.07.03 08:28:03 INFO  no build target found for C:\Users\loubr\M1\Functional_Prog\graph-scala\graphy\build.sbt. Using presentation compiler with project's scala-library version: 3.3.3
2024.07.03 08:28:03 INFO  no build target found for C:\Users\loubr\M1\Functional_Prog\graph-scala\graphy\build.sbt. Using presentation compiler with project's scala-library version: 3.3.3
2024.07.03 08:28:05 INFO  no build target found for C:\Users\loubr\M1\Functional_Prog\graph-scala\graphy\build.sbt. Using presentation compiler with project's scala-library version: 3.3.3
2024.07.03 08:28:05 INFO  no build target found for C:\Users\loubr\M1\Functional_Prog\graph-scala\graphy\build.sbt. Using presentation compiler with project's scala-library version: 3.3.3
2024.07.03 08:28:06 INFO  no build target found for C:\Users\loubr\M1\Functional_Prog\graph-scala\graphy\build.sbt. Using presentation compiler with project's scala-library version: 3.3.3
2024.07.03 08:28:06 INFO  no build target found for C:\Users\loubr\M1\Functional_Prog\graph-scala\graphy\build.sbt. Using presentation compiler with project's scala-library version: 3.3.3
2024.07.03 08:28:06 WARN  no build target for: C:\Users\loubr\M1\Functional_Prog\graph-scala\graphy\build.sbt
2024.07.03 08:28:34 INFO  no build target found for C:\Users\loubr\M1\Functional_Prog\graph-scala\graphy\build.sbt. Using presentation compiler with project's scala-library version: 3.3.3
2024.07.03 08:28:34 INFO  no build target found for C:\Users\loubr\M1\Functional_Prog\graph-scala\graphy\build.sbt. Using presentation compiler with project's scala-library version: 3.3.3
2024.07.03 08:28:35 INFO  no build target found for C:\Users\loubr\M1\Functional_Prog\graph-scala\graphy\build.sbt. Using presentation compiler with project's scala-library version: 3.3.3
2024.07.03 08:28:35 INFO  no build target found for C:\Users\loubr\M1\Functional_Prog\graph-scala\graphy\build.sbt. Using presentation compiler with project's scala-library version: 3.3.3
2024.07.03 08:28:39 INFO  no build target found for C:\Users\loubr\M1\Functional_Prog\graph-scala\graphy\build.sbt. Using presentation compiler with project's scala-library version: 3.3.3
2024.07.03 08:28:48 INFO  no build target found for C:\Users\loubr\M1\Functional_Prog\graph-scala\graphy\build.sbt. Using presentation compiler with project's scala-library version: 3.3.3
2024.07.03 08:28:48 INFO  no build target found for C:\Users\loubr\M1\Functional_Prog\graph-scala\graphy\build.sbt. Using presentation compiler with project's scala-library version: 3.3.3
2024.07.03 08:28:48 INFO  no build target found for C:\Users\loubr\M1\Functional_Prog\graph-scala\graphy\build.sbt. Using presentation compiler with project's scala-library version: 3.3.3
2024.07.03 08:28:48 INFO  no build target found for C:\Users\loubr\M1\Functional_Prog\graph-scala\graphy\build.sbt. Using presentation compiler with project's scala-library version: 3.3.3
2024.07.03 08:28:49 WARN  no build target for: C:\Users\loubr\M1\Functional_Prog\graph-scala\graphy\build.sbt
2024.07.03 08:28:48 INFO  no build target found for C:\Users\loubr\M1\Functional_Prog\graph-scala\graphy\build.sbt. Using presentation compiler with project's scala-library version: 3.3.3
2024.07.03 08:28:48 INFO  skipping build import with status 'Dismissed'
2024.07.03 08:29:58 INFO  no build target found for C:\Users\loubr\M1\Functional_Prog\graph-scala\graphy\build.sbt. Using presentation compiler with project's scala-library version: 3.3.3
2024.07.03 08:29:58 INFO  no build target found for C:\Users\loubr\M1\Functional_Prog\graph-scala\graphy\build.sbt. Using presentation compiler with project's scala-library version: 3.3.3
2024.07.03 08:30:01 INFO  no build target found for C:\Users\loubr\M1\Functional_Prog\graph-scala\graphy\build.sbt. Using presentation compiler with project's scala-library version: 3.3.3
2024.07.03 08:30:02 INFO  no build target found for C:\Users\loubr\M1\Functional_Prog\graph-scala\graphy\build.sbt. Using presentation compiler with project's scala-library version: 3.3.3
2024.07.03 08:30:02 INFO  no build target found for C:\Users\loubr\M1\Functional_Prog\graph-scala\graphy\build.sbt. Using presentation compiler with project's scala-library version: 3.3.3
2024.07.03 08:30:02 WARN  no build target for: C:\Users\loubr\M1\Functional_Prog\graph-scala\graphy\build.sbt
2024.07.03 08:30:02 INFO  skipping build import with status 'Dismissed'
2024.07.03 08:30:02 INFO  no build target found for C:\Users\loubr\M1\Functional_Prog\graph-scala\graphy\build.sbt. Using presentation compiler with project's scala-library version: 3.3.3
2024.07.03 08:31:35 INFO  compiling root (1 scala source)
2024.07.03 08:31:35 INFO  time: compiled root in 0.14s
2024.07.03 08:31:38 INFO  compiling root (1 scala source)
2024.07.03 08:31:38 INFO  time: compiled root in 0.13s
2024.07.03 08:31:40 INFO  compiling root (1 scala source)
2024.07.03 08:31:40 INFO  time: compiled root in 0.16s
2024.07.03 08:31:42 INFO  compiling root (1 scala source)
2024.07.03 08:31:42 INFO  time: compiled root in 0.11s
2024.07.03 08:31:46 INFO  compiling root (1 scala source)
2024.07.03 08:31:46 INFO  time: compiled root in 0.16s
2024.07.03 08:31:48 INFO  compiling root (1 scala source)
2024.07.03 08:31:48 INFO  time: compiled root in 0.34s
2024.07.03 08:31:50 INFO  compiling root (1 scala source)
2024.07.03 08:31:50 INFO  time: compiled root in 0.19s
2024.07.03 08:32:03 INFO  compiling root (1 scala source)
2024.07.03 08:32:03 INFO  time: compiled root in 0.18s
2024.07.03 08:32:04 INFO  compiling root (1 scala source)
2024.07.03 08:32:04 INFO  time: compiled root in 0.21s
